<?xml version="1.0" encoding="UTF-8"?>
<testsuite xmlns:xsi="http://www.w3.org/2001/XMLSchema-instance" xsi:noNamespaceSchemaLocation="https://maven.apache.org/surefire/maven-surefire-plugin/xsd/surefire-test-report.xsd" version="3.0.2" name="com.paytm.wallet.TransferConcurrencyTest" time="0.574" tests="3" errors="0" skipped="0" failures="0" flakes="0">
  <properties>
[...]
</properties>
  <testcase name="idempotentRetryStormAppliesMovementExactlyOnce" classname="com.paytm.wallet.TransferConcurrencyTest" time="0.039">
    <system-out><![CDATA[{"@timestamp":"2026-09-12T15:43:52.983412+05:30","@version":"1","message":"Could not detect default configuration classes for test class [com.paytm.wallet.TransferConcurrencyTest]: TransferConcurrencyTest does not declare any static, non-private, non-final, nested classes annotated with @Configuration.","logger_name":"org.springframework.test.context.support.AnnotationConfigContextLoaderUtils","thread_name":"main","level":"INFO","level_value":20000}
{"@timestamp":"2026-09-12T15:43:52.984141+05:30","@version":"1","message":"Found @SpringBootConfiguration com.paytm.wallet.WalletApplication for test class com.paytm.wallet.TransferConcurrencyTest","logger_name":"org.springframework.boot.test.context.SpringBootTestContextBootstrapper","thread_name":"main","level":"INFO","level_value":20000}
{"@timestamp":"2026-09-12T15:43:52.990636+05:30","@version":"1","message":"wallet created","logger_name":"com.paytm.wallet.service.WalletService","thread_name":"main","level":"INFO","level_value":20000,"event":"wallet_created","wallet_id":"52f42a70-612f-42da-8781-957fc6249627","balance_paise":100000}
{"@timestamp":"2026-09-12T15:43:52.992586+05:30","@version":"1","message":"wallet created","logger_name":"com.paytm.wallet.service.WalletService","thread_name":"main","level":"INFO","level_value":20000,"event":"wallet_created","wallet_id":"7977afe4-be0f-4ec2-a7fa-03ccdd9cd36a","balance_paise":100000}
{"@timestamp":"2026-09-12T15:43:53.002714+05:30","@version":"1","message":"transfer created","logger_name":"com.paytm.wallet.service.TransferService","thread_name":"pool-4-thread-30","level":"INFO","level_value":20000,"event":"transfer_created","transfer_id":"e6fd282a-2a04-484e-a451-615b92018200","from_wallet_id":"52f42a70-612f-42da-8781-957fc6249627","to_wallet_id":"7977afe4-be0f-4ec2-a7fa-03ccdd9cd36a","amount_paise":1000}
{"@timestamp":"2026-09-12T15:43:53.00443+05:30","@version":"1","message":"source wallet debited","logger_name":"com.paytm.wallet.service.TransferService","thread_name":"pool-4-thread-30","level":"INFO","level_value":20000,"event":"transfer_debited","transfer_id":"e6fd282a-2a04-484e-a451-615b92018200","wallet_id":"52f42a70-612f-42da-8781-957fc6249627","amount_paise":1000}
{"@timestamp":"2026-09-12T15:43:53.005178+05:30","@version":"1","message":"destination wallet credited","logger_name":"com.paytm.wallet.service.TransferService","thread_name":"pool-4-thread-30","level":"INFO","level_value":20000,"event":"transfer_credited","transfer_id":"e6fd282a-2a04-484e-a451-615b92018200","wallet_id":"7977afe4-be0f-4ec2-a7fa-03ccdd9cd36a","amount_paise":1000}
{"@timestamp":"2026-09-12T15:43:53.005792+05:30","@version":"1","message":"transfer succeeded","logger_name":"com.paytm.wallet.service.TransferService","thread_name":"pool-4-thread-30","level":"INFO","level_value":20000,"event":"transfer_succeeded","transfer_id":"e6fd282a-2a04-484e-a451-615b92018200"}
{"@timestamp":"2026-09-12T15:43:53.007909+05:30","@version":"1","message":"idempotent replay returned original transfer","logger_name":"com.paytm.wallet.service.TransferService","thread_name":"pool-4-thread-1","level":"INFO","level_value":20000,"event":"idempotent_replay_hit","idempotency_key":"storm-10445303-d6b6-463e-9943-666e4b6f56a7","transfer_id":"e6fd282a-2a04-484e-a451-615b92018200"}
{"@timestamp":"2026-09-12T15:43:53.008869+05:30","@version":"1","message":"idempotent replay returned original transfer","logger_name":"com.paytm.wallet.service.TransferService","thread_name":"pool-4-thread-5","level":"INFO","level_value":20000,"event":"idempotent_replay_hit","idempotency_key":"storm-10445303-d6b6-463e-9943-666e4b6f56a7","transfer_id":"e6fd282a-2a04-484e-a451-615b92018200"}
{"@timestamp":"2026-09-12T15:43:53.009295+05:30","@version":"1","message":"idempotent replay returned original transfer","logger_name":"com.paytm.wallet.service.TransferService","thread_name":"pool-4-thread-2","level":"INFO","level_value":20000,"event":"idempotent_replay_hit","idempotency_key":"storm-10445303-d6b6-463e-9943-666e4b6f56a7","transfer_id":"e6fd282a-2a04-484e-a451-615b92018200"}
{"@timestamp":"2026-09-12T15:43:53.010182+05:30","@version":"1","message":"idempotent replay returned original transfer","logger_name":"com.paytm.wallet.service.TransferService","thread_name":"pool-4-thread-3","level":"INFO","level_value":20000,"event":"idempotent_replay_hit","idempotency_key":"storm-10445303-d6b6-463e-9943-666e4b6f56a7","transfer_id":"e6fd282a-2a04-484e-a451-615b92018200"}
{"@timestamp":"2026-09-12T15:43:53.010573+05:30","@version":"1","message":"idempotent replay returned original transfer","logger_name":"com.paytm.wallet.service.TransferService","thread_name":"pool-4-thread-8","level":"INFO","level_value":20000,"event":"idempotent_replay_hit","idempotency_key":"storm-10445303-d6b6-463e-9943-666e4b6f56a7","transfer_id":"e6fd282a-2a04-484e-a451-615b92018200"}
{"@timestamp":"2026-09-12T15:43:53.011172+05:30","@version":"1","message":"idempotent replay returned original transfer","logger_name":"com.paytm.wallet.service.TransferService","thread_name":"pool-4-thread-6","level":"INFO","level_value":20000,"event":"idempotent_replay_hit","idempotency_key":"storm-10445303-d6b6-463e-9943-666e4b6f56a7","transfer_id":"e6fd282a-2a04-484e-a451-615b92018200"}
{"@timestamp":"2026-09-12T15:43:53.011504+05:30","@version":"1","message":"idempotent replay returned original transfer","logger_name":"com.paytm.wallet.service.TransferService","thread_name":"pool-4-thread-7","level":"INFO","level_value":20000,"event":"idempotent_replay_hit","idempotency_key":"storm-10445303-d6b6-463e-9943-666e4b6f56a7","transfer_id":"e6fd282a-2a04-484e-a451-615b92018200"}
{"@timestamp":"2026-09-12T15:43:53.011728+05:30","@version":"1","message":"idempotent replay returned original transfer","logger_name":"com.paytm.wallet.service.TransferService","thread_name":"pool-4-thread-9","level":"INFO","level_value":20000,"event":"idempotent_replay_hit","idempotency_key":"storm-10445303-d6b6-463e-9943-666e4b6f56a7","transfer_id":"e6fd282a-2a04-484e-a451-615b92018200"}
{"@timestamp":"2026-09-12T15:43:53.01279+05:30","@version":"1","message":"idempotent replay returned original transfer","logger_name":"com.paytm.wallet.service.TransferService","thread_name":"pool-4-thread-12","level":"INFO","level_value":20000,"event":"idempotent_replay_hit","idempotency_key":"storm-10445303-d6b6-463e-9943-666e4b6f56a7","transfer_id":"e6fd282a-2a04-484e-a451-615b92018200"}
{"@timestamp":"2026-09-12T15:43:53.012695+05:30","@version":"1","message":"idempotent replay returned original transfer","logger_name":"com.paytm.wallet.service.TransferService","thread_name":"pool-4-thread-10","level":"INFO","level_value":20000,"event":"idempotent_replay_hit","idempotency_key":"storm-10445303-d6b6-463e-9943-666e4b6f56a7","transfer_id":"e6fd282a-2a04-484e-a451-615b92018200"}
{"@timestamp":"2026-09-12T15:43:53.012973+05:30","@version":"1","message":"idempotent replay returned original transfer","logger_name":"com.paytm.wallet.service.TransferService","thread_name":"pool-4-thread-11","level":"INFO","level_value":20000,"event":"idempotent_replay_hit","idempotency_key":"storm-10445303-d6b6-463e-9943-666e4b6f56a7","transfer_id":"e6fd282a-2a04-484e-a451-615b92018200"}
{"@timestamp":"2026-09-12T15:43:53.013125+05:30","@version":"1","message":"idempotent replay returned original transfer","logger_name":"com.paytm.wallet.service.TransferService","thread_name":"pool-4-thread-4","level":"INFO","level_value":20000,"event":"idempotent_replay_hit","idempotency_key":"storm-10445303-d6b6-463e-9943-666e4b6f56a7","transfer_id":"e6fd282a-2a04-484e-a451-615b92018200"}
{"@timestamp":"2026-09-12T15:43:53.014013+05:30","@version":"1","message":"idempotent replay returned original transfer","logger_name":"com.paytm.wallet.service.TransferService","thread_name":"pool-4-thread-13","level":"INFO","level_value":20000,"event":"idempotent_replay_hit","idempotency_key":"storm-10445303-d6b6-463e-9943-666e4b6f56a7","transfer_id":"e6fd282a-2a04-484e-a451-615b92018200"}
{"@timestamp":"2026-09-12T15:43:53.014211+05:30","@version":"1","message":"idempotent replay returned original transfer","logger_name":"com.paytm.wallet.service.TransferService","thread_name":"pool-4-thread-14","level":"INFO","level_value":20000,"event":"idempotent_replay_hit","idempotency_key":"storm-10445303-d6b6-463e-9943-666e4b6f56a7","transfer_id":"e6fd282a-2a04-484e-a451-615b92018200"}
{"@timestamp":"2026-09-12T15:43:53.014351+05:30","@version":"1","message":"idempotent replay returned original transfer","logger_name":"com.paytm.wallet.service.TransferService","thread_name":"pool-4-thread-15","level":"INFO","level_value":20000,"event":"idempotent_replay_hit","idempotency_key":"storm-10445303-d6b6-463e-9943-666e4b6f56a7","transfer_id":"e6fd282a-2a04-484e-a451-615b92018200"}
{"@timestamp":"2026-09-12T15:43:53.014613+05:30","@version":"1","message":"idempotent replay returned original transfer","logger_name":"com.paytm.wallet.service.TransferService","thread_name":"pool-4-thread-16","level":"INFO","level_value":20000,"event":"idempotent_replay_hit","idempotency_key":"storm-10445303-d6b6-463e-9943-666e4b6f56a7","transfer_id":"e6fd282a-2a04-484e-a451-615b92018200"}
{"@timestamp":"2026-09-12T15:43:53.015463+05:30","@version":"1","message":"idempotent replay returned original transfer","logger_name":"com.paytm.wallet.service.TransferService","thread_name":"pool-4-thread-17","level":"INFO","level_value":20000,"event":"idempotent_replay_hit","idempotency_key":"storm-10445303-d6b6-463e-9943-666e4b6f56a7","transfer_id":"e6fd282a-2a04-484e-a451-615b92018200"}
{"@timestamp":"2026-09-12T15:43:53.015501+05:30","@version":"1","message":"idempotent replay returned original transfer","logger_name":"com.paytm.wallet.service.TransferService","thread_name":"pool-4-thread-19","level":"INFO","level_value":20000,"event":"idempotent_replay_hit","idempotency_key":"storm-10445303-d6b6-463e-9943-666e4b6f56a7","transfer_id":"e6fd282a-2a04-484e-a451-615b92018200"}
{"@timestamp":"2026-09-12T15:43:53.015553+05:30","@version":"1","message":"idempotent replay returned original transfer","logger_name":"com.paytm.wallet.service.TransferService","thread_name":"pool-4-thread-18","level":"INFO","level_value":20000,"event":"idempotent_replay_hit","idempotency_key":"storm-10445303-d6b6-463e-9943-666e4b6f56a7","transfer_id":"e6fd282a-2a04-484e-a451-615b92018200"}
{"@timestamp":"2026-09-12T15:43:53.016096+05:30","@version":"1","message":"idempotent replay returned original transfer","logger_name":"com.paytm.wallet.service.TransferService","thread_name":"pool-4-thread-23","level":"INFO","level_value":20000,"event":"idempotent_replay_hit","idempotency_key":"storm-10445303-d6b6-463e-9943-666e4b6f56a7","transfer_id":"e6fd282a-2a04-484e-a451-615b92018200"}
{"@timestamp":"2026-09-12T15:43:53.017522+05:30","@version":"1","message":"idempotent replay returned original transfer","logger_name":"com.paytm.wallet.service.TransferService","thread_name":"pool-4-thread-21","level":"INFO","level_value":20000,"event":"idempotent_replay_hit","idempotency_key":"storm-10445303-d6b6-463e-9943-666e4b6f56a7","transfer_id":"e6fd282a-2a04-484e-a451-615b92018200"}
{"@timestamp":"2026-09-12T15:43:53.017534+05:30","@version":"1","message":"idempotent replay returned original transfer","logger_name":"com.paytm.wallet.service.TransferService","thread_name":"pool-4-thread-20","level":"INFO","level_value":20000,"event":"idempotent_replay_hit","idempotency_key":"storm-10445303-d6b6-463e-9943-666e4b6f56a7","transfer_id":"e6fd282a-2a04-484e-a451-615b92018200"}
{"@timestamp":"2026-09-12T15:43:53.017522+05:30","@version":"1","message":"idempotent replay returned original transfer","logger_name":"com.paytm.wallet.service.TransferService","thread_name":"pool-4-thread-22","level":"INFO","level_value":20000,"event":"idempotent_replay_hit","idempotency_key":"storm-10445303-d6b6-463e-9943-666e4b6f56a7","transfer_id":"e6fd282a-2a04-484e-a451-615b92018200"}
{"@timestamp":"2026-09-12T15:43:53.018026+05:30","@version":"1","message":"idempotent replay returned original transfer","logger_name":"com.paytm.wallet.service.TransferService","thread_name":"pool-4-thread-25","level":"INFO","level_value":20000,"event":"idempotent_replay_hit","idempotency_key":"storm-10445303-d6b6-463e-9943-666e4b6f56a7","transfer_id":"e6fd282a-2a04-484e-a451-615b92018200"}
{"@timestamp":"2026-09-12T15:43:53.019113+05:30","@version":"1","message":"idempotent replay returned original transfer","logger_name":"com.paytm.wallet.service.TransferService","thread_name":"pool-4-thread-24","level":"INFO","level_value":20000,"event":"idempotent_replay_hit","idempotency_key":"storm-10445303-d6b6-463e-9943-666e4b6f56a7","transfer_id":"e6fd282a-2a04-484e-a451-615b92018200"}
{"@timestamp":"2026-09-12T15:43:53.019115+05:30","@version":"1","message":"idempotent replay returned original transfer","logger_name":"com.paytm.wallet.service.TransferService","thread_name":"pool-4-thread-26","level":"INFO","level_value":20000,"event":"idempotent_replay_hit","idempotency_key":"storm-10445303-d6b6-463e-9943-666e4b6f56a7","transfer_id":"e6fd282a-2a04-484e-a451-615b92018200"}
{"@timestamp":"2026-09-12T15:43:53.019081+05:30","@version":"1","message":"idempotent replay returned original transfer","logger_name":"com.paytm.wallet.service.TransferService","thread_name":"pool-4-thread-27","level":"INFO","level_value":20000,"event":"idempotent_replay_hit","idempotency_key":"storm-10445303-d6b6-463e-9943-666e4b6f56a7","transfer_id":"e6fd282a-2a04-484e-a451-615b92018200"}
{"@timestamp":"2026-09-12T15:43:53.019684+05:30","@version":"1","message":"idempotent replay returned original transfer","logger_name":"com.paytm.wallet.service.TransferService","thread_name":"pool-4-thread-28","level":"INFO","level_value":20000,"event":"idempotent_replay_hit","idempotency_key":"storm-10445303-d6b6-463e-9943-666e4b6f56a7","transfer_id":"e6fd282a-2a04-484e-a451-615b92018200"}
{"@timestamp":"2026-09-12T15:43:53.020274+05:30","@version":"1","message":"idempotent replay returned original transfer","logger_name":"com.paytm.wallet.service.TransferService","thread_name":"pool-4-thread-29","level":"INFO","level_value":20000,"event":"idempotent_replay_hit","idempotency_key":"storm-10445303-d6b6-463e-9943-666e4b6f56a7","transfer_id":"e6fd282a-2a04-484e-a451-615b92018200"}
]]></system-out>
  </testcase>
  <testcase name="conservationAndNoOverdraftHoldUnderContention" classname="com.paytm.wallet.TransferConcurrencyTest" time="0.519">
    <system-out><![CDATA[{"@timestamp":"2026-09-12T15:43:53.02923+05:30","@version":"1","message":"wallet created","logger_name":"com.paytm.wallet.service.WalletService","thread_name":"main","level":"INFO","level_value":20000,"event":"wallet_created","wallet_id":"2173ff3b-5aaf-4721-b8a6-1c3e6715e2f0","balance_paise":100000}
{"@timestamp":"2026-09-12T15:43:53.030453+05:30","@version":"1","message":"wallet created","logger_name":"com.paytm.wallet.service.WalletService","thread_name":"main","level":"INFO","level_value":20000,"event":"wallet_created","wallet_id":"57718fb9-91bd-4b5a-a066-195b5324d165","balance_paise":100000}
{"@timestamp":"2026-09-12T15:43:53.03169+05:30","@version":"1","message":"wallet created","logger_name":"com.paytm.wallet.service.WalletService","thread_name":"main","level":"INFO","level_value":20000,"event":"wallet_created","wallet_id":"70366c48-053b-42ef-81d0-545d616aa820","balance_paise":100000}
{"@timestamp":"2026-09-12T15:43:53.03861+05:30","@version":"1","message":"transfer created","logger_name":"com.paytm.wallet.service.TransferService","thread_name":"pool-5-thread-4","level":"INFO","level_value":20000,"event":"transfer_created","transfer_id":"b2746021-8c88-4289-a4b5-75f251f04562","from_wallet_id":"2173ff3b-5aaf-4721-b8a6-1c3e6715e2f0","to_wallet_id":"70366c48-053b-42ef-81d0-545d616aa820","amount_paise":550}
{"@timestamp":"2026-09-12T15:43:53.039166+05:30","@version":"1","message":"source wallet debited","logger_name":"com.paytm.wallet.service.TransferService","thread_name":"pool-5-thread-4","level":"INFO","level_value":20000,"event":"transfer_debited","transfer_id":"b2746021-8c88-4289-a4b5-75f251f04562","wallet_id":"2173ff3b-5aaf-4721-b8a6-1c3e6715e2f0","amount_paise":550}
{"@timestamp":"2026-09-12T15:43:53.039604+05:30","@version":"1","message":"destination wallet credited","logger_name":"com.paytm.wallet.service.TransferService","thread_name":"pool-5-thread-4","level":"INFO","level_value":20000,"event":"transfer_credited","transfer_id":"b2746021-8c88-4289-a4b5-75f251f04562","wallet_id":"70366c48-053b-42ef-81d0-545d616aa820","amount_paise":550}
{"@timestamp":"2026-09-12T15:43:53.040074+05:30","@version":"1","message":"transfer succeeded","logger_name":"com.paytm.wallet.service.TransferService","thread_name":"pool-5-thread-4","level":"INFO","level_value":20000,"event":"transfer_succeeded","transfer_id":"b2746021-8c88-4289-a4b5-75f251f04562"}
{"@timestamp":"2026-09-12T15:43:53.044412+05:30","@version":"1","message":"transfer created","logger_name":"com.paytm.wallet.service.TransferService","thread_name":"pool-5-thread-1","level":"INFO","level_value":20000,"event":"transfer_created","transfer_id":"e448a513-f916-4cbb-abb6-810ed6f60748","from_wallet_id":"2173ff3b-5aaf-4721-b8a6-1c3e6715e2f0","to_wallet_id":"57718fb9-91bd-4b5a-a066-195b5324d165","amount_paise":500000}
{"@timestamp":"2026-09-12T15:43:53.046032+05:30","@version":"1","message":"transfer declined","logger_name":"com.paytm.wallet.service.TransferService","thread_name":"pool-5-thread-1","level":"INFO","level_value":20000,"event":"transfer_declined","transfer_id":"e448a513-f916-4cbb-abb6-810ed6f60748","reason":"INSUFFICIENT_FUNDS","amount_paise":500000}
{"@timestamp":"2026-09-12T15:43:53.048061+05:30","@version":"1","message":"transfer created","logger_name":"com.paytm.wallet.service.TransferService","thread_name":"pool-5-thread-6","level":"INFO","level_value":20000,"event":"transfer_created","transfer_id":"dc3932c2-74da-479f-bfb9-f2d92c3b06c3","from_wallet_id":"70366c48-053b-42ef-81d0-545d616aa820","to_wallet_id":"57718fb9-91bd-4b5a-a066-195b5324d165","amount_paise":250}
{"@timestamp":"2026-09-12T15:43:53.048564+05:30","@version":"1","message":"source wallet debited","logger_name":"com.paytm.wallet.service.TransferService","thread_name":"pool-5-thread-6","level":"INFO","level_value":20000,"event":"transfer_debited","transfer_id":"dc3932c2-74da-479f-bfb9-f2d92c3b06c3","wallet_id":"70366c48-053b-42ef-81d0-545d616aa820","amount_paise":250}
{"@timestamp":"2026-09-12T15:43:53.048968+05:30","@version":"1","message":"destination wallet credited","logger_name":"com.paytm.wallet.service.TransferService","thread_name":"pool-5-thread-6","level":"INFO","level_value":20000,"event":"transfer_credited","transfer_id":"dc3932c2-74da-479f-bfb9-f2d92c3b06c3","wallet_id":"57718fb9-91bd-4b5a-a066-195b5324d165","amount_paise":250}
{"@timestamp":"2026-09-12T15:43:53.049472+05:30","@version":"1","message":"transfer succeeded","logger_name":"com.paytm.wallet.service.TransferService","thread_name":"pool-5-thread-6","level":"INFO","level_value":20000,"event":"transfer_succeeded","transfer_id":"dc3932c2-74da-479f-bfb9-f2d92c3b06c3"}
{"@timestamp":"2026-09-12T15:43:53.051403+05:30","@version":"1","message":"transfer created","logger_name":"com.paytm.wallet.service.TransferService","thread_name":"pool-5-thread-3","level":"INFO","level_value":20000,"event":"transfer_created","transfer_id":"36bedc55-9c5b-4e0f-897b-bfaa7044c734","from_wallet_id":"70366c48-053b-42ef-81d0-545d616aa820","to_wallet_id":"2173ff3b-5aaf-4721-b8a6-1c3e6715e2f0","amount_paise":450}
{"@timestamp":"2026-09-12T15:43:53.052065+05:30","@version":"1","message":"source wallet debited","logger_name":"com.paytm.wallet.service.TransferService","thread_name":"pool-5-thread-3","level":"INFO","level_value":20000,"event":"transfer_debited","transfer_id":"36bedc55-9c5b-4e0f-897b-bfaa7044c734","wallet_id":"70366c48-053b-42ef-81d0-545d616aa820","amount_paise":450}
{"@timestamp":"2026-09-12T15:43:53.052522+05:30","@version":"1","message":"destination wallet credited","logger_name":"com.paytm.wallet.service.TransferService","thread_name":"pool-5-thread-3","level":"INFO","level_value":20000,"event":"transfer_credited","transfer_id":"36bedc55-9c5b-4e0f-897b-bfaa7044c734","wallet_id":"2173ff3b-5aaf-4721-b8a6-1c3e6715e2f0","amount_paise":450}
{"@timestamp":"2026-09-12T15:43:53.053096+05:30","@version":"1","message":"transfer succeeded","logger_name":"com.paytm.wallet.service.TransferService","thread_name":"pool-5-thread-3","level":"INFO","level_value":20000,"event":"transfer_succeeded","transfer_id":"36bedc55-9c5b-4e0f-897b-bfaa7044c734"}
{"@timestamp":"2026-09-12T15:43:53.055011+05:30","@version":"1","message":"transfer created","logger_name":"com.paytm.wallet.service.TransferService","thread_name":"pool-5-thread-5","level":"INFO","level_value":20000,"event":"transfer_created","transfer_id":"449464f1-2b02-49de-9bf5-a41ae1825ce6","from_wallet_id":"57718fb9-91bd-4b5a-a066-195b5324d165","to_wallet_id":"70366c48-053b-42ef-81d0-545d616aa820","amount_paise":650}
{"@timestamp":"2026-09-12T15:43:53.055779+05:30","@version":"1","message":"source wallet debited","logger_name":"com.paytm.wallet.service.TransferService","thread_name":"pool-5-thread-5","level":"INFO","level_value":20000,"event":"transfer_debited","transfer_id":"449464f1-2b02-49de-9bf5-a41ae1825ce6","wallet_id":"57718fb9-91bd-4b5a-a066-195b5324d165","amount_paise":650}
{"@timestamp":"2026-09-12T15:43:53.056248+05:30","@version":"1","message":"destination wallet credited","logger_name":"com.paytm.wallet.service.TransferService","thread_name":"pool-5-thread-5","level":"INFO","level_value":20000,"event":"transfer_credited","transfer_id":"449464f1-2b02-49de-9bf5-a41ae1825ce6","wallet_id":"70366c48-053b-42ef-81d0-545d616aa820","amount_paise":650}
{"@timestamp":"2026-09-12T15:43:53.056799+05:30","@version":"1","message":"transfer succeeded","logger_name":"com.paytm.wallet.service.TransferService","thread_name":"pool-5-thread-5","level":"INFO","level_value":20000,"event":"transfer_succeeded","transfer_id":"449464f1-2b02-49de-9bf5-a41ae1825ce6"}
{"@timestamp":"2026-09-12T15:43:53.05806+05:30","@version":"1","message":"transfer created","logger_name":"com.paytm.wallet.service.TransferService","thread_name":"pool-5-thread-2","level":"INFO","level_value":20000,"event":"transfer_created","transfer_id":"8c597f50-0d5b-48f4-b4c4-db98d25ea0d7","from_wallet_id":"57718fb9-91bd-4b5a-a066-195b5324d165","to_wallet_id":"2173ff3b-5aaf-4721-b8a6-1c3e6715e2f0","amount_paise":350}
{"@timestamp":"2026-09-12T15:43:53.058625+05:30","@version":"1","message":"source wallet debited","logger_name":"com.paytm.wallet.service.TransferService","thread_name":"pool-5-thread-2","level":"INFO","level_value":20000,"event":"transfer_debited","transfer_id":"8c597f50-0d5b-48f4-b4c4-db98d25ea0d7","wallet_id":"57718fb9-91bd-4b5a-a066-195b5324d165","amount_paise":350}
{"@timestamp":"2026-09-12T15:43:53.059093+05:30","@version":"1","message":"destination wallet credited","logger_name":"com.paytm.wallet.service.TransferService","thread_name":"pool-5-thread-2","level":"INFO","level_value":20000,"event":"transfer_credited","transfer_id":"8c597f50-0d5b-48f4-b4c4-db98d25ea0d7","wallet_id":"2173ff3b-5aaf-4721-b8a6-1c3e6715e2f0","amount_paise":350}
{"@timestamp":"2026-09-12T15:43:53.059692+05:30","@version":"1","message":"transfer succeeded","logger_name":"com.paytm.wallet.service.TransferService","thread_name":"pool-5-thread-2","level":"INFO","level_value":20000,"event":"transfer_succeeded","transfer_id":"8c597f50-0d5b-48f4-b4c4-db98d25ea0d7"}
{"@timestamp":"2026-09-12T15:43:53.06153+05:30","@version":"1","message":"transfer created","logger_name":"com.paytm.wallet.service.TransferService","thread_name":"pool-5-thread-7","level":"INFO","level_value":20000,"event":"transfer_created","transfer_id":"bc9fb394-debf-4d41-b390-0ed5df1e62b1","from_wallet_id":"2173ff3b-5aaf-4721-b8a6-1c3e6715e2f0","to_wallet_id":"57718fb9-91bd-4b5a-a066-195b5324d165","amount_paise":350}
{"@timestamp":"2026-09-12T15:43:53.062202+05:30","@version":"1","message":"source wallet debited","logger_name":"com.paytm.wallet.service.TransferService","thread_name":"pool-5-thread-7","level":"INFO","level_value":20000,"event":"transfer_debited","transfer_id":"bc9fb394-debf-4d41-b390-0ed5df1e62b1","wallet_id":"2173ff3b-5aaf-4721-b8a6-1c3e6715e2f0","amount_paise":350}
{"@timestamp":"2026-09-12T15:43:53.062983+05:30","@version":"1","message":"destination wallet credited","logger_name":"com.paytm.wallet.service.TransferService","thread_name":"pool-5-thread-7","level":"INFO","level_value":20000,"event":"transfer_credited","transfer_id":"bc9fb394-debf-4d41-b390-0ed5df1e62b1","wallet_id":"57718fb9-91bd-4b5a-a066-195b5324d165","amount_paise":350}
{"@timestamp":"2026-09-12T15:43:53.063614+05:30","@version":"1","message":"transfer succeeded","logger_name":"com.paytm.wallet.service.TransferService","thread_name":"pool-5-thread-7","level":"INFO","level_value":20000,"event":"transfer_succeeded","transfer_id":"bc9fb394-debf-4d41-b390-0ed5df1e62b1"}
{"@timestamp":"2026-09-12T15:43:53.065481+05:30","@version":"1","message":"transfer created","logger_name":"com.paytm.wallet.service.TransferService","thread_name":"pool-5-thread-10","level":"INFO","level_value":20000,"event":"transfer_created","transfer_id":"f6286042-83bc-40ac-885c-af09bd8e99ce","from_wallet_id":"2173ff3b-5aaf-4721-b8a6-1c3e6715e2f0","to_wallet_id":"70366c48-053b-42ef-81d0-545d616aa820","amount_paise":650}
{"@timestamp":"2026-09-12T15:43:53.065912+05:30","@version":"1","message":"source wallet debited","logger_name":"com.paytm.wallet.service.TransferService","thread_name":"pool-5-thread-10","level":"INFO","level_value":20000,"event":"transfer_debited","transfer_id":"f6286042-83bc-40ac-885c-af09bd8e99ce","wallet_id":"2173ff3b-5aaf-4721-b8a6-1c3e6715e2f0","amount_paise":650}
{"@timestamp":"2026-09-12T15:43:53.06631+05:30","@version":"1","message":"destination wallet credited","logger_name":"com.paytm.wallet.service.TransferService","thread_name":"pool-5-thread-10","level":"INFO","level_value":20000,"event":"transfer_credited","transfer_id":"f6286042-83bc-40ac-885c-af09bd8e99ce","wallet_id":"70366c48-053b-42ef-81d0-545d616aa820","amount_paise":650}
{"@timestamp":"2026-09-12T15:43:53.06673+05:30","@version":"1","message":"transfer succeeded","logger_name":"com.paytm.wallet.service.TransferService","thread_name":"pool-5-thread-10","level":"INFO","level_value":20000,"event":"transfer_succeeded","transfer_id":"f6286042-83bc-40ac-885c-af09bd8e99ce"}
{"@timestamp":"2026-09-12T15:43:53.068087+05:30","@version":"1","message":"transfer created","logger_name":"com.paytm.wallet.service.TransferService","thread_name":"pool-5-thread-12","level":"INFO","level_value":20000,"event":"transfer_created","transfer_id":"31b7733c-06f3-4040-95e2-8755df40591c","from_wallet_id":"70366c48-053b-42ef-81d0-545d616aa820","to_wallet_id":"57718fb9-91bd-4b5a-a066-195b5324d165","amount_paise":350}
{"@timestamp":"2026-09-12T15:43:53.068469+05:30","@version":"1","message":"source wallet debited","logger_name":"com.paytm.wallet.service.TransferService","thread_name":"pool-5-thread-12","level":"INFO","level_value":20000,"event":"transfer_debited","transfer_id":"31b7733c-06f3-4040-95e2-8755df40591c","wallet_id":"70366c48-053b-42ef-81d0-545d616aa820","amount_paise":350}
{"@timestamp":"2026-09-12T15:43:53.068834+05:30","@version":"1","message":"destination wallet credited","logger_name":"com.paytm.wallet.service.TransferService","thread_name":"pool-5-thread-12","level":"INFO","level_value":20000,"event":"transfer_credited","transfer_id":"31b7733c-06f3-4040-95e2-8755df40591c","wallet_id":"57718fb9-91bd-4b5a-a066-195b5324d165","amount_paise":350}
{"@timestamp":"2026-09-12T15:43:53.069197+05:30","@version":"1","message":"transfer succeeded","logger_name":"com.paytm.wallet.service.TransferService","thread_name":"pool-5-thread-12","level":"INFO","level_value":20000,"event":"transfer_succeeded","transfer_id":"31b7733c-06f3-4040-95e2-8755df40591c"}
{"@timestamp":"2026-09-12T15:43:53.070311+05:30","@version":"1","message":"transfer created","logger_name":"com.paytm.wallet.service.TransferService","thread_name":"pool-5-thread-13","level":"INFO","level_value":20000,"event":"transfer_created","transfer_id":"d4fbb9a0-c5b8-458f-a667-987c54b24579","from_wallet_id":"2173ff3b-5aaf-4721-b8a6-1c3e6715e2f0","to_wallet_id":"57718fb9-91bd-4b5a-a066-195b5324d165","amount_paise":450}
{"@timestamp":"2026-09-12T15:43:53.070862+05:30","@version":"1","message":"source wallet debited","logger_name":"com.paytm.wallet.service.TransferService","thread_name":"pool-5-thread-13","level":"INFO","level_value":20000,"event":"transfer_debited","transfer_id":"d4fbb9a0-c5b8-458f-a667-987c54b24579","wallet_id":"2173ff3b-5aaf-4721-b8a6-1c3e6715e2f0","amount_paise":450}
{"@timestamp":"2026-09-12T15:43:53.07126+05:30","@version":"1","message":"destination wallet credited","logger_name":"com.paytm.wallet.service.TransferService","thread_name":"pool-5-thread-13","level":"INFO","level_value":20000,"event":"transfer_credited","transfer_id":"d4fbb9a0-c5b8-458f-a667-987c54b24579","wallet_id":"57718fb9-91bd-4b5a-a066-195b5324d165","amount_paise":450}
{"@timestamp":"2026-09-12T15:43:53.071879+05:30","@version":"1","message":"transfer succeeded","logger_name":"com.paytm.wallet.service.TransferService","thread_name":"pool-5-thread-13","level":"INFO","level_value":20000,"event":"transfer_succeeded","transfer_id":"d4fbb9a0-c5b8-458f-a667-987c54b24579"}
{"@timestamp":"2026-09-12T15:43:53.073784+05:30","@version":"1","message":"transfer created","logger_name":"com.paytm.wallet.service.TransferService","thread_name":"pool-5-thread-8","level":"INFO","level_value":20000,"event":"transfer_created","transfer_id":"ef3879a0-e729-4afd-9067-1fb9be6db0b0","from_wallet_id":"57718fb9-91bd-4b5a-a066-195b5324d165","to_wallet_id":"2173ff3b-5aaf-4721-b8a6-1c3e6715e2f0","amount_paise":450}
{"@timestamp":"2026-09-12T15:43:53.074307+05:30","@version":"1","message":"source wallet debited","logger_name":"com.paytm.wallet.service.TransferService","thread_name":"pool-5-thread-8","level":"INFO","level_value":20000,"event":"transfer_debited","transfer_id":"ef3879a0-e729-4afd-9067-1fb9be6db0b0","wallet_id":"57718fb9-91bd-4b5a-a066-195b5324d165","amount_paise":450}
{"@timestamp":"2026-09-12T15:43:53.074686+05:30","@version":"1","message":"destination wallet credited","logger_name":"com.paytm.wallet.service.TransferService","thread_name":"pool-5-thread-8","level":"INFO","level_value":20000,"event":"transfer_credited","transfer_id":"ef3879a0-e729-4afd-9067-1fb9be6db0b0","wallet_id":"2173ff3b-5aaf-4721-b8a6-1c3e6715e2f0","amount_paise":450}
{"@timestamp":"2026-09-12T15:43:53.075304+05:30","@version":"1","message":"transfer succeeded","logger_name":"com.paytm.wallet.service.TransferService","thread_name":"pool-5-thread-8","level":"INFO","level_value":20000,"event":"transfer_succeeded","transfer_id":"ef3879a0-e729-4afd-9067-1fb9be6db0b0"}
{"@timestamp":"2026-09-12T15:43:53.077046+05:30","@version":"1","message":"transfer created","logger_name":"com.paytm.wallet.service.TransferService","thread_name":"pool-5-thread-11","level":"INFO","level_value":20000,"event":"transfer_created","transfer_id":"5671493c-f9c4-4823-9538-82a64d1aaeae","from_wallet_id":"57718fb9-91bd-4b5a-a066-195b5324d165","to_wallet_id":"70366c48-053b-42ef-81d0-545d616aa820","amount_paise":250}
{"@timestamp":"2026-09-12T15:43:53.077515+05:30","@version":"1","message":"source wallet debited","logger_name":"com.paytm.wallet.service.TransferService","thread_name":"pool-5-thread-11","level":"INFO","level_value":20000,"event":"transfer_debited","transfer_id":"5671493c-f9c4-4823-9538-82a64d1aaeae","wallet_id":"57718fb9-91bd-4b5a-a066-195b5324d165","amount_paise":250}
{"@timestamp":"2026-09-12T15:43:53.07817+05:30","@version":"1","message":"destination wallet credited","logger_name":"com.paytm.wallet.service.TransferService","thread_name":"pool-5-thread-11","level":"INFO","level_value":20000,"event":"transfer_credited","transfer_id":"5671493c-f9c4-4823-9538-82a64d1aaeae","wallet_id":"70366c48-053b-42ef-81d0-545d616aa820","amount_paise":250}
{"@timestamp":"2026-09-12T15:43:53.078871+05:30","@version":"1","message":"transfer succeeded","logger_name":"com.paytm.wallet.service.TransferService","thread_name":"pool-5-thread-11","level":"INFO","level_value":20000,"event":"transfer_succeeded","transfer_id":"5671493c-f9c4-4823-9538-82a64d1aaeae"}
{"@timestamp":"2026-09-12T15:43:53.08064+05:30","@version":"1","message":"transfer created","logger_name":"com.paytm.wallet.service.TransferService","thread_name":"pool-5-thread-14","level":"INFO","level_value":20000,"event":"transfer_created","transfer_id":"55b76709-d752-435c-b97b-13031a648daf","from_wallet_id":"57718fb9-91bd-4b5a-a066-195b5324d165","to_wallet_id":"2173ff3b-5aaf-4721-b8a6-1c3e6715e2f0","amount_paise":550}
{"@timestamp":"2026-09-12T15:43:53.081595+05:30","@version":"1","message":"source wallet debited","logger_name":"com.paytm.wallet.service.TransferService","thread_name":"pool-5-thread-14","level":"INFO","level_value":20000,"event":"transfer_debited","transfer_id":"55b76709-d752-435c-b97b-13031a648daf","wallet_id":"57718fb9-91bd-4b5a-a066-195b5324d165","amount_paise":550}
{"@timestamp":"2026-09-12T15:43:53.08221+05:30","@version":"1","message":"destination wallet credited","logger_name":"com.paytm.wallet.service.TransferService","thread_name":"pool-5-thread-14","level":"INFO","level_value":20000,"event":"transfer_credited","transfer_id":"55b76709-d752-435c-b97b-13031a648daf","wallet_id":"2173ff3b-5aaf-4721-b8a6-1c3e6715e2f0","amount_paise":550}
{"@timestamp":"2026-09-12T15:43:53.082706+05:30","@version":"1","message":"transfer succeeded","logger_name":"com.paytm.wallet.service.TransferService","thread_name":"pool-5-thread-14","level":"INFO","level_value":20000,"event":"transfer_succeeded","transfer_id":"55b76709-d752-435c-b97b-13031a648daf"}
{"@timestamp":"2026-09-12T15:43:53.084347+05:30","@version":"1","message":"transfer created","logger_name":"com.paytm.wallet.service.TransferService","thread_name":"pool-5-thread-17","level":"INFO","level_value":20000,"event":"transfer_created","transfer_id":"02ae57d2-f60a-42bd-af42-b0c9eaad6436","from_wallet_id":"57718fb9-91bd-4b5a-a066-195b5324d165","to_wallet_id":"70366c48-053b-42ef-81d0-545d616aa820","amount_paise":350}
{"@timestamp":"2026-09-12T15:43:53.084998+05:30","@version":"1","message":"source wallet debited","logger_name":"com.paytm.wallet.service.TransferService","thread_name":"pool-5-thread-17","level":"INFO","level_value":20000,"event":"transfer_debited","transfer_id":"02ae57d2-f60a-42bd-af42-b0c9eaad6436","wallet_id":"57718fb9-91bd-4b5a-a066-195b5324d165","amount_paise":350}
{"@timestamp":"2026-09-12T15:43:53.085394+05:30","@version":"1","message":"destination wallet credited","logger_name":"com.paytm.wallet.service.TransferService","thread_name":"pool-5-thread-17","level":"INFO","level_value":20000,"event":"transfer_credited","transfer_id":"02ae57d2-f60a-42bd-af42-b0c9eaad6436","wallet_id":"70366c48-053b-42ef-81d0-545d616aa820","amount_paise":350}
{"@timestamp":"2026-09-12T15:43:53.085722+05:30","@version":"1","message":"transfer succeeded","logger_name":"com.paytm.wallet.service.TransferService","thread_name":"pool-5-thread-17","level":"INFO","level_value":20000,"event":"transfer_succeeded","transfer_id":"02ae57d2-f60a-42bd-af42-b0c9eaad6436"}
{"@timestamp":"2026-09-12T15:43:53.086686+05:30","@version":"1","message":"transfer created","logger_name":"com.paytm.wallet.service.TransferService","thread_name":"pool-5-thread-3","level":"INFO","level_value":20000,"event":"transfer_created","transfer_id":"30da8212-885e-4e6a-806f-f9da68daf253","from_wallet_id":"57718fb9-91bd-4b5a-a066-195b5324d165","to_wallet_id":"2173ff3b-5aaf-4721-b8a6-1c3e6715e2f0","amount_paise":550}
{"@timestamp":"2026-09-12T15:43:53.087015+05:30","@version":"1","message":"source wallet debited","logger_name":"com.paytm.wallet.service.TransferService","thread_name":"pool-5-thread-3","level":"INFO","level_value":20000,"event":"transfer_debited","transfer_id":"30da8212-885e-4e6a-806f-f9da68daf253","wallet_id":"57718fb9-91bd-4b5a-a066-195b5324d165","amount_paise":550}
{"@timestamp":"2026-09-12T15:43:53.087419+05:30","@version":"1","message":"destination wallet credited","logger_name":"com.paytm.wallet.service.TransferService","thread_name":"pool-5-thread-3","level":"INFO","level_value":20000,"event":"transfer_credited","transfer_id":"30da8212-885e-4e6a-806f-f9da68daf253","wallet_id":"2173ff3b-5aaf-4721-b8a6-1c3e6715e2f0","amount_paise":550}
{"@timestamp":"2026-09-12T15:43:53.087804+05:30","@version":"1","message":"transfer succeeded","logger_name":"com.paytm.wallet.service.TransferService","thread_name":"pool-5-thread-3","level":"INFO","level_value":20000,"event":"transfer_succeeded","transfer_id":"30da8212-885e-4e6a-806f-f9da68daf253"}
{"@timestamp":"2026-09-12T15:43:53.089685+05:30","@version":"1","message":"transfer created","logger_name":"com.paytm.wallet.service.TransferService","thread_name":"pool-5-thread-18","level":"INFO","level_value":20000,"event":"transfer_created","transfer_id":"3fe4cd1a-2679-4252-8aaa-440641abee5d","from_wallet_id":"70366c48-053b-42ef-81d0-545d616aa820","to_wallet_id":"57718fb9-91bd-4b5a-a066-195b5324d165","amount_paise":500000}
{"@timestamp":"2026-09-12T15:43:53.090632+05:30","@version":"1","message":"transfer declined","logger_name":"com.paytm.wallet.service.TransferService","thread_name":"pool-5-thread-18","level":"INFO","level_value":20000,"event":"transfer_declined","transfer_id":"3fe4cd1a-2679-4252-8aaa-440641abee5d","reason":"INSUFFICIENT_FUNDS","amount_paise":500000}
{"@timestamp":"2026-09-12T15:43:53.092077+05:30","@version":"1","message":"transfer created","logger_name":"com.paytm.wallet.service.TransferService","thread_name":"pool-5-thread-15","level":"INFO","level_value":20000,"event":"transfer_created","transfer_id":"7b86b63f-c300-403d-9490-23a495f2ade6","from_wallet_id":"70366c48-053b-42ef-81d0-545d616aa820","to_wallet_id":"2173ff3b-5aaf-4721-b8a6-1c3e6715e2f0","amount_paise":650}
{"@timestamp":"2026-09-12T15:43:53.092742+05:30","@version":"1","message":"source wallet debited","logger_name":"com.paytm.wallet.service.TransferService","thread_name":"pool-5-thread-15","level":"INFO","level_value":20000,"event":"transfer_debited","transfer_id":"7b86b63f-c300-403d-9490-23a495f2ade6","wallet_id":"70366c48-053b-42ef-81d0-545d616aa820","amount_paise":650}
{"@timestamp":"2026-09-12T15:43:53.093218+05:30","@version":"1","message":"destination wallet credited","logger_name":"com.paytm.wallet.service.TransferService","thread_name":"pool-5-thread-15","level":"INFO","level_value":20000,"event":"transfer_credited","transfer_id":"7b86b63f-c300-403d-9490-23a495f2ade6","wallet_id":"2173ff3b-5aaf-4721-b8a6-1c3e6715e2f0","amount_paise":650}
{"@timestamp":"2026-09-12T15:43:53.093647+05:30","@version":"1","message":"transfer succeeded","logger_name":"com.paytm.wallet.service.TransferService","thread_name":"pool-5-thread-15","level":"INFO","level_value":20000,"event":"transfer_succeeded","transfer_id":"7b86b63f-c300-403d-9490-23a495f2ade6"}
{"@timestamp":"2026-09-12T15:43:53.094805+05:30","@version":"1","message":"transfer created","logger_name":"com.paytm.wallet.service.TransferService","thread_name":"pool-5-thread-20","level":"INFO","level_value":20000,"event":"transfer_created","transfer_id":"2d66a522-141e-4801-9622-c3590c9a747b","from_wallet_id":"57718fb9-91bd-4b5a-a066-195b5324d165","to_wallet_id":"2173ff3b-5aaf-4721-b8a6-1c3e6715e2f0","amount_paise":650}
{"@timestamp":"2026-09-12T15:43:53.095062+05:30","@version":"1","message":"source wallet debited","logger_name":"com.paytm.wallet.service.TransferService","thread_name":"pool-5-thread-20","level":"INFO","level_value":20000,"event":"transfer_debited","transfer_id":"2d66a522-141e-4801-9622-c3590c9a747b","wallet_id":"57718fb9-91bd-4b5a-a066-195b5324d165","amount_paise":650}
{"@timestamp":"2026-09-12T15:43:53.095341+05:30","@version":"1","message":"destination wallet credited","logger_name":"com.paytm.wallet.service.TransferService","thread_name":"pool-5-thread-20","level":"INFO","level_value":20000,"event":"transfer_credited","transfer_id":"2d66a522-141e-4801-9622-c3590c9a747b","wallet_id":"2173ff3b-5aaf-4721-b8a6-1c3e6715e2f0","amount_paise":650}
{"@timestamp":"2026-09-12T15:43:53.095704+05:30","@version":"1","message":"transfer succeeded","logger_name":"com.paytm.wallet.service.TransferService","thread_name":"pool-5-thread-20","level":"INFO","level_value":20000,"event":"transfer_succeeded","transfer_id":"2d66a522-141e-4801-9622-c3590c9a747b"}
{"@timestamp":"2026-09-12T15:43:53.096781+05:30","@version":"1","message":"transfer created","logger_name":"com.paytm.wallet.service.TransferService","thread_name":"pool-5-thread-16","level":"INFO","level_value":20000,"event":"transfer_created","transfer_id":"e2c2e98b-e678-4a8d-ab7c-a22b72e05c13","from_wallet_id":"2173ff3b-5aaf-4721-b8a6-1c3e6715e2f0","to_wallet_id":"70366c48-053b-42ef-81d0-545d616aa820","amount_paise":250}
{"@timestamp":"2026-09-12T15:43:53.097103+05:30","@version":"1","message":"source wallet debited","logger_name":"com.paytm.wallet.service.TransferService","thread_name":"pool-5-thread-16","level":"INFO","level_value":20000,"event":"transfer_debited","transfer_id":"e2c2e98b-e678-4a8d-ab7c-a22b72e05c13","wallet_id":"2173ff3b-5aaf-4721-b8a6-1c3e6715e2f0","amount_paise":250}
{"@timestamp":"2026-09-12T15:43:53.097417+05:30","@version":"1","message":"destination wallet credited","logger_name":"com.paytm.wallet.service.TransferService","thread_name":"pool-5-thread-16","level":"INFO","level_value":20000,"event":"transfer_credited","transfer_id":"e2c2e98b-e678-4a8d-ab7c-a22b72e05c13","wallet_id":"70366c48-053b-42ef-81d0-545d616aa820","amount_paise":250}
{"@timestamp":"2026-09-12T15:43:53.097677+05:30","@version":"1","message":"transfer succeeded","logger_name":"com.paytm.wallet.service.TransferService","thread_name":"pool-5-thread-16","level":"INFO","level_value":20000,"event":"transfer_succeeded","transfer_id":"e2c2e98b-e678-4a8d-ab7c-a22b72e05c13"}
{"@timestamp":"2026-09-12T15:43:53.098439+05:30","@version":"1","message":"transfer created","logger_name":"com.paytm.wallet.service.TransferService","thread_name":"pool-5-thread-23","level":"INFO","level_value":20000,"event":"transfer_created","transfer_id":"830305d6-5ed0-4001-b2a2-58740853879a","from_wallet_id":"57718fb9-91bd-4b5a-a066-195b5324d165","to_wallet_id":"70366c48-053b-42ef-81d0-545d616aa820","amount_paise":450}
{"@timestamp":"2026-09-12T15:43:53.098715+05:30","@version":"1","message":"source wallet debited","logger_name":"com.paytm.wallet.service.TransferService","thread_name":"pool-5-thread-23","level":"INFO","level_value":20000,"event":"transfer_debited","transfer_id":"830305d6-5ed0-4001-b2a2-58740853879a","wallet_id":"57718fb9-91bd-4b5a-a066-195b5324d165","amount_paise":450}
{"@timestamp":"2026-09-12T15:43:53.098952+05:30","@version":"1","message":"destination wallet credited","logger_name":"com.paytm.wallet.service.TransferService","thread_name":"pool-5-thread-23","level":"INFO","level_value":20000,"event":"transfer_credited","transfer_id":"830305d6-5ed0-4001-b2a2-58740853879a","wallet_id":"70366c48-053b-42ef-81d0-545d616aa820","amount_paise":450}
{"@timestamp":"2026-09-12T15:43:53.099236+05:30","@version":"1","message":"transfer succeeded","logger_name":"com.paytm.wallet.service.TransferService","thread_name":"pool-5-thread-23","level":"INFO","level_value":20000,"event":"transfer_succeeded","transfer_id":"830305d6-5ed0-4001-b2a2-58740853879a"}
{"@timestamp":"2026-09-12T15:43:53.100224+05:30","@version":"1","message":"transfer created","logger_name":"com.paytm.wallet.service.TransferService","thread_name":"pool-5-thread-24","level":"INFO","level_value":20000,"event":"transfer_created","transfer_id":"bfe5c18d-d7b0-4113-a0de-c20cd4dfc120","from_wallet_id":"70366c48-053b-42ef-81d0-545d616aa820","to_wallet_id":"57718fb9-91bd-4b5a-a066-195b5324d165","amount_paise":550}
{"@timestamp":"2026-09-12T15:43:53.100515+05:30","@version":"1","message":"source wallet debited","logger_name":"com.paytm.wallet.service.TransferService","thread_name":"pool-5-thread-24","level":"INFO","level_value":20000,"event":"transfer_debited","transfer_id":"bfe5c18d-d7b0-4113-a0de-c20cd4dfc120","wallet_id":"70366c48-053b-42ef-81d0-545d616aa820","amount_paise":550}
{"@timestamp":"2026-09-12T15:43:53.100741+05:30","@version":"1","message":"destination wallet credited","logger_name":"com.paytm.wallet.service.TransferService","thread_name":"pool-5-thread-24","level":"INFO","level_value":20000,"event":"transfer_credited","transfer_id":"bfe5c18d-d7b0-4113-a0de-c20cd4dfc120","wallet_id":"57718fb9-91bd-4b5a-a066-195b5324d165","amount_paise":550}
{"@timestamp":"2026-09-12T15:43:53.100978+05:30","@version":"1","message":"transfer succeeded","logger_name":"com.paytm.wallet.service.TransferService","thread_name":"pool-5-thread-24","level":"INFO","level_value":20000,"event":"transfer_succeeded","transfer_id":"bfe5c18d-d7b0-4113-a0de-c20cd4dfc120"}
{"@timestamp":"2026-09-12T15:43:53.101602+05:30","@version":"1","message":"transfer created","logger_name":"com.paytm.wallet.service.TransferService","thread_name":"pool-5-thread-19","level":"INFO","level_value":20000,"event":"transfer_created","transfer_id":"4d930662-8b6d-4313-8978-70e7329525e6","from_wallet_id":"2173ff3b-5aaf-4721-b8a6-1c3e6715e2f0","to_wallet_id":"57718fb9-91bd-4b5a-a066-195b5324d165","amount_paise":550}
{"@timestamp":"2026-09-12T15:43:53.102014+05:30","@version":"1","message":"source wallet debited","logger_name":"com.paytm.wallet.service.TransferService","thread_name":"pool-5-thread-19","level":"INFO","level_value":20000,"event":"transfer_debited","transfer_id":"4d930662-8b6d-4313-8978-70e7329525e6","wallet_id":"2173ff3b-5aaf-4721-b8a6-1c3e6715e2f0","amount_paise":550}
{"@timestamp":"2026-09-12T15:43:53.102335+05:30","@version":"1","message":"destination wallet credited","logger_name":"com.paytm.wallet.service.TransferService","thread_name":"pool-5-thread-19","level":"INFO","level_value":20000,"event":"transfer_credited","transfer_id":"4d930662-8b6d-4313-8978-70e7329525e6","wallet_id":"57718fb9-91bd-4b5a-a066-195b5324d165","amount_paise":550}
{"@timestamp":"2026-09-12T15:43:53.102652+05:30","@version":"1","message":"transfer succeeded","logger_name":"com.paytm.wallet.service.TransferService","thread_name":"pool-5-thread-19","level":"INFO","level_value":20000,"event":"transfer_succeeded","transfer_id":"4d930662-8b6d-4313-8978-70e7329525e6"}
{"@timestamp":"2026-09-12T15:43:53.103748+05:30","@version":"1","message":"transfer created","logger_name":"com.paytm.wallet.service.TransferService","thread_name":"pool-5-thread-21","level":"INFO","level_value":20000,"event":"transfer_created","transfer_id":"1665b8cd-6bba-4c1a-af43-0c28b9440dd0","from_wallet_id":"70366c48-053b-42ef-81d0-545d616aa820","to_wallet_id":"2173ff3b-5aaf-4721-b8a6-1c3e6715e2f0","amount_paise":250}
{"@timestamp":"2026-09-12T15:43:53.104032+05:30","@version":"1","message":"source wallet debited","logger_name":"com.paytm.wallet.service.TransferService","thread_name":"pool-5-thread-21","level":"INFO","level_value":20000,"event":"transfer_debited","transfer_id":"1665b8cd-6bba-4c1a-af43-0c28b9440dd0","wallet_id":"70366c48-053b-42ef-81d0-545d616aa820","amount_paise":250}
{"@timestamp":"2026-09-12T15:43:53.104277+05:30","@version":"1","message":"destination wallet credited","logger_name":"com.paytm.wallet.service.TransferService","thread_name":"pool-5-thread-21","level":"INFO","level_value":20000,"event":"transfer_credited","transfer_id":"1665b8cd-6bba-4c1a-af43-0c28b9440dd0","wallet_id":"2173ff3b-5aaf-4721-b8a6-1c3e6715e2f0","amount_paise":250}
{"@timestamp":"2026-09-12T15:43:53.104536+05:30","@version":"1","message":"transfer succeeded","logger_name":"com.paytm.wallet.service.TransferService","thread_name":"pool-5-thread-21","level":"INFO","level_value":20000,"event":"transfer_succeeded","transfer_id":"1665b8cd-6bba-4c1a-af43-0c28b9440dd0"}
{"@timestamp":"2026-09-12T15:43:53.105633+05:30","@version":"1","message":"transfer created","logger_name":"com.paytm.wallet.service.TransferService","thread_name":"pool-5-thread-22","level":"INFO","level_value":20000,"event":"transfer_created","transfer_id":"4679f763-2edd-4418-935d-a02ec89af296","from_wallet_id":"2173ff3b-5aaf-4721-b8a6-1c3e6715e2f0","to_wallet_id":"70366c48-053b-42ef-81d0-545d616aa820","amount_paise":350}
{"@timestamp":"2026-09-12T15:43:53.105926+05:30","@version":"1","message":"source wallet debited","logger_name":"com.paytm.wallet.service.TransferService","thread_name":"pool-5-thread-22","level":"INFO","level_value":20000,"event":"transfer_debited","transfer_id":"4679f763-2edd-4418-935d-a02ec89af296","wallet_id":"2173ff3b-5aaf-4721-b8a6-1c3e6715e2f0","amount_paise":350}
{"@timestamp":"2026-09-12T15:43:53.106217+05:30","@version":"1","message":"destination wallet credited","logger_name":"com.paytm.wallet.service.TransferService","thread_name":"pool-5-thread-22","level":"INFO","level_value":20000,"event":"transfer_credited","transfer_id":"4679f763-2edd-4418-935d-a02ec89af296","wallet_id":"70366c48-053b-42ef-81d0-545d616aa820","amount_paise":350}
{"@timestamp":"2026-09-12T15:43:53.106496+05:30","@version":"1","message":"transfer succeeded","logger_name":"com.paytm.wallet.service.TransferService","thread_name":"pool-5-thread-22","level":"INFO","level_value":20000,"event":"transfer_succeeded","transfer_id":"4679f763-2edd-4418-935d-a02ec89af296"}
{"@timestamp":"2026-09-12T15:43:53.107184+05:30","@version":"1","message":"transfer created","logger_name":"com.paytm.wallet.service.TransferService","thread_name":"pool-5-thread-29","level":"INFO","level_value":20000,"event":"transfer_created","transfer_id":"2cf43adb-5420-4bcc-9e01-fc30f2bf2975","from_wallet_id":"57718fb9-91bd-4b5a-a066-195b5324d165","to_wallet_id":"70366c48-053b-42ef-81d0-545d616aa820","amount_paise":550}
{"@timestamp":"2026-09-12T15:43:53.107463+05:30","@version":"1","message":"source wallet debited","logger_name":"com.paytm.wallet.service.TransferService","thread_name":"pool-5-thread-29","level":"INFO","level_value":20000,"event":"transfer_debited","transfer_id":"2cf43adb-5420-4bcc-9e01-fc30f2bf2975","wallet_id":"57718fb9-91bd-4b5a-a066-195b5324d165","amount_paise":550}
{"@timestamp":"2026-09-12T15:43:53.107676+05:30","@version":"1","message":"destination wallet credited","logger_name":"com.paytm.wallet.service.TransferService","thread_name":"pool-5-thread-29","level":"INFO","level_value":20000,"event":"transfer_credited","transfer_id":"2cf43adb-5420-4bcc-9e01-fc30f2bf2975","wallet_id":"70366c48-053b-42ef-81d0-545d616aa820","amount_paise":550}
{"@timestamp":"2026-09-12T15:43:53.107901+05:30","@version":"1","message":"transfer succeeded","logger_name":"com.paytm.wallet.service.TransferService","thread_name":"pool-5-thread-29","level":"INFO","level_value":20000,"event":"transfer_succeeded","transfer_id":"2cf43adb-5420-4bcc-9e01-fc30f2bf2975"}
{"@timestamp":"2026-09-12T15:43:53.108584+05:30","@version":"1","message":"transfer created","logger_name":"com.paytm.wallet.service.TransferService","thread_name":"pool-5-thread-28","level":"INFO","level_value":20000,"event":"transfer_created","transfer_id":"05f3201a-f857-47ef-928f-c8703e86b864","from_wallet_id":"2173ff3b-5aaf-4721-b8a6-1c3e6715e2f0","to_wallet_id":"70366c48-053b-42ef-81d0-545d616aa820","amount_paise":450}
{"@timestamp":"2026-09-12T15:43:53.108874+05:30","@version":"1","message":"source wallet debited","logger_name":"com.paytm.wallet.service.TransferService","thread_name":"pool-5-thread-28","level":"INFO","level_value":20000,"event":"transfer_debited","transfer_id":"05f3201a-f857-47ef-928f-c8703e86b864","wallet_id":"2173ff3b-5aaf-4721-b8a6-1c3e6715e2f0","amount_paise":450}
{"@timestamp":"2026-09-12T15:43:53.109096+05:30","@version":"1","message":"destination wallet credited","logger_name":"com.paytm.wallet.service.TransferService","thread_name":"pool-5-thread-28","level":"INFO","level_value":20000,"event":"transfer_credited","transfer_id":"05f3201a-f857-47ef-928f-c8703e86b864","wallet_id":"70366c48-053b-42ef-81d0-545d616aa820","amount_paise":450}
{"@timestamp":"2026-09-12T15:43:53.109347+05:30","@version":"1","message":"transfer succeeded","logger_name":"com.paytm.wallet.service.TransferService","thread_name":"pool-5-thread-28","level":"INFO","level_value":20000,"event":"transfer_succeeded","transfer_id":"05f3201a-f857-47ef-928f-c8703e86b864"}
{"@timestamp":"2026-09-12T15:43:53.110211+05:30","@version":"1","message":"transfer created","logger_name":"com.paytm.wallet.service.TransferService","thread_name":"pool-5-thread-30","level":"INFO","level_value":20000,"event":"transfer_created","transfer_id":"5b8e9dd4-a45d-4e69-a14d-dca3bad2909a","from_wallet_id":"70366c48-053b-42ef-81d0-545d616aa820","to_wallet_id":"57718fb9-91bd-4b5a-a066-195b5324d165","amount_paise":650}
{"@timestamp":"2026-09-12T15:43:53.110488+05:30","@version":"1","message":"source wallet debited","logger_name":"com.paytm.wallet.service.TransferService","thread_name":"pool-5-thread-30","level":"INFO","level_value":20000,"event":"transfer_debited","transfer_id":"5b8e9dd4-a45d-4e69-a14d-dca3bad2909a","wallet_id":"70366c48-053b-42ef-81d0-545d616aa820","amount_paise":650}
{"@timestamp":"2026-09-12T15:43:53.110703+05:30","@version":"1","message":"destination wallet credited","logger_name":"com.paytm.wallet.service.TransferService","thread_name":"pool-5-thread-30","level":"INFO","level_value":20000,"event":"transfer_credited","transfer_id":"5b8e9dd4-a45d-4e69-a14d-dca3bad2909a","wallet_id":"57718fb9-91bd-4b5a-a066-195b5324d165","amount_paise":650}
{"@timestamp":"2026-09-12T15:43:53.11097+05:30","@version":"1","message":"transfer succeeded","logger_name":"com.paytm.wallet.service.TransferService","thread_name":"pool-5-thread-30","level":"INFO","level_value":20000,"event":"transfer_succeeded","transfer_id":"5b8e9dd4-a45d-4e69-a14d-dca3bad2909a"}
{"@timestamp":"2026-09-12T15:43:53.111848+05:30","@version":"1","message":"transfer created","logger_name":"com.paytm.wallet.service.TransferService","thread_name":"pool-5-thread-29","level":"INFO","level_value":20000,"event":"transfer_created","transfer_id":"23c578c5-f58c-4354-87c8-49dde3b0b564","from_wallet_id":"57718fb9-91bd-4b5a-a066-195b5324d165","to_wallet_id":"70366c48-053b-42ef-81d0-545d616aa820","amount_paise":650}
{"@timestamp":"2026-09-12T15:43:53.112104+05:30","@version":"1","message":"source wallet debited","logger_name":"com.paytm.wallet.service.TransferService","thread_name":"pool-5-thread-29","level":"INFO","level_value":20000,"event":"transfer_debited","transfer_id":"23c578c5-f58c-4354-87c8-49dde3b0b564","wallet_id":"57718fb9-91bd-4b5a-a066-195b5324d165","amount_paise":650}
{"@timestamp":"2026-09-12T15:43:53.112335+05:30","@version":"1","message":"destination wallet credited","logger_name":"com.paytm.wallet.service.TransferService","thread_name":"pool-5-thread-29","level":"INFO","level_value":20000,"event":"transfer_credited","transfer_id":"23c578c5-f58c-4354-87c8-49dde3b0b564","wallet_id":"70366c48-053b-42ef-81d0-545d616aa820","amount_paise":650}
{"@timestamp":"2026-09-12T15:43:53.112607+05:30","@version":"1","message":"transfer succeeded","logger_name":"com.paytm.wallet.service.TransferService","thread_name":"pool-5-thread-29","level":"INFO","level_value":20000,"event":"transfer_succeeded","transfer_id":"23c578c5-f58c-4354-87c8-49dde3b0b564"}
{"@timestamp":"2026-09-12T15:43:53.113474+05:30","@version":"1","message":"transfer created","logger_name":"com.paytm.wallet.service.TransferService","thread_name":"pool-5-thread-25","level":"INFO","level_value":20000,"event":"transfer_created","transfer_id":"0ffdd0f0-117c-4019-8902-16df35c243ed","from_wallet_id":"2173ff3b-5aaf-4721-b8a6-1c3e6715e2f0","to_wallet_id":"57718fb9-91bd-4b5a-a066-195b5324d165","amount_paise":650}
{"@timestamp":"2026-09-12T15:43:53.113823+05:30","@version":"1","message":"source wallet debited","logger_name":"com.paytm.wallet.service.TransferService","thread_name":"pool-5-thread-25","level":"INFO","level_value":20000,"event":"transfer_debited","transfer_id":"0ffdd0f0-117c-4019-8902-16df35c243ed","wallet_id":"2173ff3b-5aaf-4721-b8a6-1c3e6715e2f0","amount_paise":650}
{"@timestamp":"2026-09-12T15:43:53.114095+05:30","@version":"1","message":"destination wallet credited","logger_name":"com.paytm.wallet.service.TransferService","thread_name":"pool-5-thread-25","level":"INFO","level_value":20000,"event":"transfer_credited","transfer_id":"0ffdd0f0-117c-4019-8902-16df35c243ed","wallet_id":"57718fb9-91bd-4b5a-a066-195b5324d165","amount_paise":650}
{"@timestamp":"2026-09-12T15:43:53.114371+05:30","@version":"1","message":"transfer succeeded","logger_name":"com.paytm.wallet.service.TransferService","thread_name":"pool-5-thread-25","level":"INFO","level_value":20000,"event":"transfer_succeeded","transfer_id":"0ffdd0f0-117c-4019-8902-16df35c243ed"}
{"@timestamp":"2026-09-12T15:43:53.115303+05:30","@version":"1","message":"transfer created","logger_name":"com.paytm.wallet.service.TransferService","thread_name":"pool-5-thread-27","level":"INFO","level_value":20000,"event":"transfer_created","transfer_id":"3dd07a07-1733-4eed-982b-6e19818203d1","from_wallet_id":"70366c48-053b-42ef-81d0-545d616aa820","to_wallet_id":"2173ff3b-5aaf-4721-b8a6-1c3e6715e2f0","amount_paise":350}
{"@timestamp":"2026-09-12T15:43:53.115598+05:30","@version":"1","message":"source wallet debited","logger_name":"com.paytm.wallet.service.TransferService","thread_name":"pool-5-thread-27","level":"INFO","level_value":20000,"event":"transfer_debited","transfer_id":"3dd07a07-1733-4eed-982b-6e19818203d1","wallet_id":"70366c48-053b-42ef-81d0-545d616aa820","amount_paise":350}
{"@timestamp":"2026-09-12T15:43:53.11588+05:30","@version":"1","message":"destination wallet credited","logger_name":"com.paytm.wallet.service.TransferService","thread_name":"pool-5-thread-27","level":"INFO","level_value":20000,"event":"transfer_credited","transfer_id":"3dd07a07-1733-4eed-982b-6e19818203d1","wallet_id":"2173ff3b-5aaf-4721-b8a6-1c3e6715e2f0","amount_paise":350}
{"@timestamp":"2026-09-12T15:43:53.116103+05:30","@version":"1","message":"transfer succeeded","logger_name":"com.paytm.wallet.service.TransferService","thread_name":"pool-5-thread-27","level":"INFO","level_value":20000,"event":"transfer_succeeded","transfer_id":"3dd07a07-1733-4eed-982b-6e19818203d1"}
{"@timestamp":"2026-09-12T15:43:53.116987+05:30","@version":"1","message":"transfer created","logger_name":"com.paytm.wallet.service.TransferService","thread_name":"pool-5-thread-35","level":"INFO","level_value":20000,"event":"transfer_created","transfer_id":"784495c2-f9dc-497e-9a07-e7da9d017fb3","from_wallet_id":"57718fb9-91bd-4b5a-a066-195b5324d165","to_wallet_id":"70366c48-053b-42ef-81d0-545d616aa820","amount_paise":500000}
{"@timestamp":"2026-09-12T15:43:53.117553+05:30","@version":"1","message":"transfer declined","logger_name":"com.paytm.wallet.service.TransferService","thread_name":"pool-5-thread-35","level":"INFO","level_value":20000,"event":"transfer_declined","transfer_id":"784495c2-f9dc-497e-9a07-e7da9d017fb3","reason":"INSUFFICIENT_FUNDS","amount_paise":500000}
{"@timestamp":"2026-09-12T15:43:53.1183+05:30","@version":"1","message":"transfer created","logger_name":"com.paytm.wallet.service.TransferService","thread_name":"pool-5-thread-29","level":"INFO","level_value":20000,"event":"transfer_created","transfer_id":"a305dd85-f9c3-4947-9bf0-f735e99e0d35","from_wallet_id":"57718fb9-91bd-4b5a-a066-195b5324d165","to_wallet_id":"2173ff3b-5aaf-4721-b8a6-1c3e6715e2f0","amount_paise":450}
{"@timestamp":"2026-09-12T15:43:53.118641+05:30","@version":"1","message":"source wallet debited","logger_name":"com.paytm.wallet.service.TransferService","thread_name":"pool-5-thread-29","level":"INFO","level_value":20000,"event":"transfer_debited","transfer_id":"a305dd85-f9c3-4947-9bf0-f735e99e0d35","wallet_id":"57718fb9-91bd-4b5a-a066-195b5324d165","amount_paise":450}
{"@timestamp":"2026-09-12T15:43:53.11889+05:30","@version":"1","message":"destination wallet credited","logger_name":"com.paytm.wallet.service.TransferService","thread_name":"pool-5-thread-29","level":"INFO","level_value":20000,"event":"transfer_credited","transfer_id":"a305dd85-f9c3-4947-9bf0-f735e99e0d35","wallet_id":"2173ff3b-5aaf-4721-b8a6-1c3e6715e2f0","amount_paise":450}
{"@timestamp":"2026-09-12T15:43:53.119138+05:30","@version":"1","message":"transfer succeeded","logger_name":"com.paytm.wallet.service.TransferService","thread_name":"pool-5-thread-29","level":"INFO","level_value":20000,"event":"transfer_succeeded","transfer_id":"a305dd85-f9c3-4947-9bf0-f735e99e0d35"}
{"@timestamp":"2026-09-12T15:43:53.120435+05:30","@version":"1","message":"transfer created","logger_name":"com.paytm.wallet.service.TransferService","thread_name":"pool-5-thread-36","level":"INFO","level_value":20000,"event":"transfer_created","transfer_id":"d05df3f6-979d-439b-870e-6b2cec5158d4","from_wallet_id":"70366c48-053b-42ef-81d0-545d616aa820","to_wallet_id":"57718fb9-91bd-4b5a-a066-195b5324d165","amount_paise":250}
{"@timestamp":"2026-09-12T15:43:53.120784+05:30","@version":"1","message":"source wallet debited","logger_name":"com.paytm.wallet.service.TransferService","thread_name":"pool-5-thread-36","level":"INFO","level_value":20000,"event":"transfer_debited","transfer_id":"d05df3f6-979d-439b-870e-6b2cec5158d4","wallet_id":"70366c48-053b-42ef-81d0-545d616aa820","amount_paise":250}
{"@timestamp":"2026-09-12T15:43:53.12104+05:30","@version":"1","message":"destination wallet credited","logger_name":"com.paytm.wallet.service.TransferService","thread_name":"pool-5-thread-36","level":"INFO","level_value":20000,"event":"transfer_credited","transfer_id":"d05df3f6-979d-439b-870e-6b2cec5158d4","wallet_id":"57718fb9-91bd-4b5a-a066-195b5324d165","amount_paise":250}
{"@timestamp":"2026-09-12T15:43:53.121325+05:30","@version":"1","message":"transfer succeeded","logger_name":"com.paytm.wallet.service.TransferService","thread_name":"pool-5-thread-36","level":"INFO","level_value":20000,"event":"transfer_succeeded","transfer_id":"d05df3f6-979d-439b-870e-6b2cec5158d4"}
{"@timestamp":"2026-09-12T15:43:53.122099+05:30","@version":"1","message":"transfer created","logger_name":"com.paytm.wallet.service.TransferService","thread_name":"pool-5-thread-26","level":"INFO","level_value":20000,"event":"transfer_created","transfer_id":"b8c0db77-86fa-4c0f-b13a-8ad139f91475","from_wallet_id":"57718fb9-91bd-4b5a-a066-195b5324d165","to_wallet_id":"2173ff3b-5aaf-4721-b8a6-1c3e6715e2f0","amount_paise":250}
{"@timestamp":"2026-09-12T15:43:53.122425+05:30","@version":"1","message":"source wallet debited","logger_name":"com.paytm.wallet.service.TransferService","thread_name":"pool-5-thread-26","level":"INFO","level_value":20000,"event":"transfer_debited","transfer_id":"b8c0db77-86fa-4c0f-b13a-8ad139f91475","wallet_id":"57718fb9-91bd-4b5a-a066-195b5324d165","amount_paise":250}
{"@timestamp":"2026-09-12T15:43:53.122722+05:30","@version":"1","message":"destination wallet credited","logger_name":"com.paytm.wallet.service.TransferService","thread_name":"pool-5-thread-26","level":"INFO","level_value":20000,"event":"transfer_credited","transfer_id":"b8c0db77-86fa-4c0f-b13a-8ad139f91475","wallet_id":"2173ff3b-5aaf-4721-b8a6-1c3e6715e2f0","amount_paise":250}
{"@timestamp":"2026-09-12T15:43:53.123031+05:30","@version":"1","message":"transfer succeeded","logger_name":"com.paytm.wallet.service.TransferService","thread_name":"pool-5-thread-26","level":"INFO","level_value":20000,"event":"transfer_succeeded","transfer_id":"b8c0db77-86fa-4c0f-b13a-8ad139f91475"}
{"@timestamp":"2026-09-12T15:43:53.12415+05:30","@version":"1","message":"transfer created","logger_name":"com.paytm.wallet.service.TransferService","thread_name":"pool-5-thread-31","level":"INFO","level_value":20000,"event":"transfer_created","transfer_id":"ca5d9419-d69a-4d00-8c7c-072299bc2533","from_wallet_id":"2173ff3b-5aaf-4721-b8a6-1c3e6715e2f0","to_wallet_id":"57718fb9-91bd-4b5a-a066-195b5324d165","amount_paise":250}
{"@timestamp":"2026-09-12T15:43:53.124485+05:30","@version":"1","message":"source wallet debited","logger_name":"com.paytm.wallet.service.TransferService","thread_name":"pool-5-thread-31","level":"INFO","level_value":20000,"event":"transfer_debited","transfer_id":"ca5d9419-d69a-4d00-8c7c-072299bc2533","wallet_id":"2173ff3b-5aaf-4721-b8a6-1c3e6715e2f0","amount_paise":250}
{"@timestamp":"2026-09-12T15:43:53.124706+05:30","@version":"1","message":"destination wallet credited","logger_name":"com.paytm.wallet.service.TransferService","thread_name":"pool-5-thread-31","level":"INFO","level_value":20000,"event":"transfer_credited","transfer_id":"ca5d9419-d69a-4d00-8c7c-072299bc2533","wallet_id":"57718fb9-91bd-4b5a-a066-195b5324d165","amount_paise":250}
{"@timestamp":"2026-09-12T15:43:53.124928+05:30","@version":"1","message":"transfer succeeded","logger_name":"com.paytm.wallet.service.TransferService","thread_name":"pool-5-thread-31","level":"INFO","level_value":20000,"event":"transfer_succeeded","transfer_id":"ca5d9419-d69a-4d00-8c7c-072299bc2533"}
{"@timestamp":"2026-09-12T15:43:53.126314+05:30","@version":"1","message":"transfer created","logger_name":"com.paytm.wallet.service.TransferService","thread_name":"pool-5-thread-4","level":"INFO","level_value":20000,"event":"transfer_created","transfer_id":"4a706207-7c06-413a-bbe3-a7f87f47c153","from_wallet_id":"57718fb9-91bd-4b5a-a066-195b5324d165","to_wallet_id":"70366c48-053b-42ef-81d0-545d616aa820","amount_paise":250}
{"@timestamp":"2026-09-12T15:43:53.126525+05:30","@version":"1","message":"source wallet debited","logger_name":"com.paytm.wallet.service.TransferService","thread_name":"pool-5-thread-4","level":"INFO","level_value":20000,"event":"transfer_debited","transfer_id":"4a706207-7c06-413a-bbe3-a7f87f47c153","wallet_id":"57718fb9-91bd-4b5a-a066-195b5324d165","amount_paise":250}
{"@timestamp":"2026-09-12T15:43:53.126716+05:30","@version":"1","message":"destination wallet credited","logger_name":"com.paytm.wallet.service.TransferService","thread_name":"pool-5-thread-4","level":"INFO","level_value":20000,"event":"transfer_credited","transfer_id":"4a706207-7c06-413a-bbe3-a7f87f47c153","wallet_id":"70366c48-053b-42ef-81d0-545d616aa820","amount_paise":250}
{"@timestamp":"2026-09-12T15:43:53.126923+05:30","@version":"1","message":"transfer succeeded","logger_name":"com.paytm.wallet.service.TransferService","thread_name":"pool-5-thread-4","level":"INFO","level_value":20000,"event":"transfer_succeeded","transfer_id":"4a706207-7c06-413a-bbe3-a7f87f47c153"}
{"@timestamp":"2026-09-12T15:43:53.127726+05:30","@version":"1","message":"transfer created","logger_name":"com.paytm.wallet.service.TransferService","thread_name":"pool-5-thread-40","level":"INFO","level_value":20000,"event":"transfer_created","transfer_id":"b65442ee-8897-4cc4-b021-1582d08377cc","from_wallet_id":"2173ff3b-5aaf-4721-b8a6-1c3e6715e2f0","to_wallet_id":"70366c48-053b-42ef-81d0-545d616aa820","amount_paise":650}
{"@timestamp":"2026-09-12T15:43:53.128034+05:30","@version":"1","message":"source wallet debited","logger_name":"com.paytm.wallet.service.TransferService","thread_name":"pool-5-thread-40","level":"INFO","level_value":20000,"event":"transfer_debited","transfer_id":"b65442ee-8897-4cc4-b021-1582d08377cc","wallet_id":"2173ff3b-5aaf-4721-b8a6-1c3e6715e2f0","amount_paise":650}
{"@timestamp":"2026-09-12T15:43:53.128345+05:30","@version":"1","message":"destination wallet credited","logger_name":"com.paytm.wallet.service.TransferService","thread_name":"pool-5-thread-40","level":"INFO","level_value":20000,"event":"transfer_credited","transfer_id":"b65442ee-8897-4cc4-b021-1582d08377cc","wallet_id":"70366c48-053b-42ef-81d0-545d616aa820","amount_paise":650}
{"@timestamp":"2026-09-12T15:43:53.128704+05:30","@version":"1","message":"transfer succeeded","logger_name":"com.paytm.wallet.service.TransferService","thread_name":"pool-5-thread-40","level":"INFO","level_value":20000,"event":"transfer_succeeded","transfer_id":"b65442ee-8897-4cc4-b021-1582d08377cc"}
{"@timestamp":"2026-09-12T15:43:53.130008+05:30","@version":"1","message":"transfer created","logger_name":"com.paytm.wallet.service.TransferService","thread_name":"pool-5-thread-30","level":"INFO","level_value":20000,"event":"transfer_created","transfer_id":"c5a3a34e-f6ef-4377-9b77-b9f1aaac42dd","from_wallet_id":"2173ff3b-5aaf-4721-b8a6-1c3e6715e2f0","to_wallet_id":"57718fb9-91bd-4b5a-a066-195b5324d165","amount_paise":350}
{"@timestamp":"2026-09-12T15:43:53.130282+05:30","@version":"1","message":"source wallet debited","logger_name":"com.paytm.wallet.service.TransferService","thread_name":"pool-5-thread-30","level":"INFO","level_value":20000,"event":"transfer_debited","transfer_id":"c5a3a34e-f6ef-4377-9b77-b9f1aaac42dd","wallet_id":"2173ff3b-5aaf-4721-b8a6-1c3e6715e2f0","amount_paise":350}
{"@timestamp":"2026-09-12T15:43:53.130535+05:30","@version":"1","message":"destination wallet credited","logger_name":"com.paytm.wallet.service.TransferService","thread_name":"pool-5-thread-30","level":"INFO","level_value":20000,"event":"transfer_credited","transfer_id":"c5a3a34e-f6ef-4377-9b77-b9f1aaac42dd","wallet_id":"57718fb9-91bd-4b5a-a066-195b5324d165","amount_paise":350}
{"@timestamp":"2026-09-12T15:43:53.130784+05:30","@version":"1","message":"transfer succeeded","logger_name":"com.paytm.wallet.service.TransferService","thread_name":"pool-5-thread-30","level":"INFO","level_value":20000,"event":"transfer_succeeded","transfer_id":"c5a3a34e-f6ef-4377-9b77-b9f1aaac42dd"}
{"@timestamp":"2026-09-12T15:43:53.131865+05:30","@version":"1","message":"transfer created","logger_name":"com.paytm.wallet.service.TransferService","thread_name":"pool-5-thread-38","level":"INFO","level_value":20000,"event":"transfer_created","transfer_id":"a350f5e8-b78e-48c8-98c2-7e1a9d25ae0c","from_wallet_id":"57718fb9-91bd-4b5a-a066-195b5324d165","to_wallet_id":"2173ff3b-5aaf-4721-b8a6-1c3e6715e2f0","amount_paise":450}
{"@timestamp":"2026-09-12T15:43:53.132321+05:30","@version":"1","message":"source wallet debited","logger_name":"com.paytm.wallet.service.TransferService","thread_name":"pool-5-thread-38","level":"INFO","level_value":20000,"event":"transfer_debited","transfer_id":"a350f5e8-b78e-48c8-98c2-7e1a9d25ae0c","wallet_id":"57718fb9-91bd-4b5a-a066-195b5324d165","amount_paise":450}
{"@timestamp":"2026-09-12T15:43:53.132632+05:30","@version":"1","message":"destination wallet credited","logger_name":"com.paytm.wallet.service.TransferService","thread_name":"pool-5-thread-38","level":"INFO","level_value":20000,"event":"transfer_credited","transfer_id":"a350f5e8-b78e-48c8-98c2-7e1a9d25ae0c","wallet_id":"2173ff3b-5aaf-4721-b8a6-1c3e6715e2f0","amount_paise":450}
{"@timestamp":"2026-09-12T15:43:53.133033+05:30","@version":"1","message":"transfer succeeded","logger_name":"com.paytm.wallet.service.TransferService","thread_name":"pool-5-thread-38","level":"INFO","level_value":20000,"event":"transfer_succeeded","transfer_id":"a350f5e8-b78e-48c8-98c2-7e1a9d25ae0c"}
{"@timestamp":"2026-09-12T15:43:53.134485+05:30","@version":"1","message":"transfer created","logger_name":"com.paytm.wallet.service.TransferService","thread_name":"pool-5-thread-30","level":"INFO","level_value":20000,"event":"transfer_created","transfer_id":"b1c39908-faf7-4c7e-9b49-554d882dab80","from_wallet_id":"70366c48-053b-42ef-81d0-545d616aa820","to_wallet_id":"57718fb9-91bd-4b5a-a066-195b5324d165","amount_paise":450}
{"@timestamp":"2026-09-12T15:43:53.134787+05:30","@version":"1","message":"source wallet debited","logger_name":"com.paytm.wallet.service.TransferService","thread_name":"pool-5-thread-30","level":"INFO","level_value":20000,"event":"transfer_debited","transfer_id":"b1c39908-faf7-4c7e-9b49-554d882dab80","wallet_id":"70366c48-053b-42ef-81d0-545d616aa820","amount_paise":450}
{"@timestamp":"2026-09-12T15:43:53.135109+05:30","@version":"1","message":"destination wallet credited","logger_name":"com.paytm.wallet.service.TransferService","thread_name":"pool-5-thread-30","level":"INFO","level_value":20000,"event":"transfer_credited","transfer_id":"b1c39908-faf7-4c7e-9b49-554d882dab80","wallet_id":"57718fb9-91bd-4b5a-a066-195b5324d165","amount_paise":450}
{"@timestamp":"2026-09-12T15:43:53.135389+05:30","@version":"1","message":"transfer succeeded","logger_name":"com.paytm.wallet.service.TransferService","thread_name":"pool-5-thread-30","level":"INFO","level_value":20000,"event":"transfer_succeeded","transfer_id":"b1c39908-faf7-4c7e-9b49-554d882dab80"}
{"@timestamp":"2026-09-12T15:43:53.136151+05:30","@version":"1","message":"transfer created","logger_name":"com.paytm.wallet.service.TransferService","thread_name":"pool-5-thread-37","level":"INFO","level_value":20000,"event":"transfer_created","transfer_id":"084617e8-670c-4201-95c6-68483bea61d6","from_wallet_id":"2173ff3b-5aaf-4721-b8a6-1c3e6715e2f0","to_wallet_id":"57718fb9-91bd-4b5a-a066-195b5324d165","amount_paise":350}
{"@timestamp":"2026-09-12T15:43:53.136393+05:30","@version":"1","message":"source wallet debited","logger_name":"com.paytm.wallet.service.TransferService","thread_name":"pool-5-thread-37","level":"INFO","level_value":20000,"event":"transfer_debited","transfer_id":"084617e8-670c-4201-95c6-68483bea61d6","wallet_id":"2173ff3b-5aaf-4721-b8a6-1c3e6715e2f0","amount_paise":350}
{"@timestamp":"2026-09-12T15:43:53.136618+05:30","@version":"1","message":"destination wallet credited","logger_name":"com.paytm.wallet.service.TransferService","thread_name":"pool-5-thread-37","level":"INFO","level_value":20000,"event":"transfer_credited","transfer_id":"084617e8-670c-4201-95c6-68483bea61d6","wallet_id":"57718fb9-91bd-4b5a-a066-195b5324d165","amount_paise":350}
{"@timestamp":"2026-09-12T15:43:53.136842+05:30","@version":"1","message":"transfer succeeded","logger_name":"com.paytm.wallet.service.TransferService","thread_name":"pool-5-thread-37","level":"INFO","level_value":20000,"event":"transfer_succeeded","transfer_id":"084617e8-670c-4201-95c6-68483bea61d6"}
{"@timestamp":"2026-09-12T15:43:53.137974+05:30","@version":"1","message":"transfer created","logger_name":"com.paytm.wallet.service.TransferService","thread_name":"pool-5-thread-7","level":"INFO","level_value":20000,"event":"transfer_created","transfer_id":"b621ee4f-a7c6-4c95-907f-5a2670b99a4c","from_wallet_id":"57718fb9-91bd-4b5a-a066-195b5324d165","to_wallet_id":"70366c48-053b-42ef-81d0-545d616aa820","amount_paise":350}
{"@timestamp":"2026-09-12T15:43:53.138189+05:30","@version":"1","message":"source wallet debited","logger_name":"com.paytm.wallet.service.TransferService","thread_name":"pool-5-thread-7","level":"INFO","level_value":20000,"event":"transfer_debited","transfer_id":"b621ee4f-a7c6-4c95-907f-5a2670b99a4c","wallet_id":"57718fb9-91bd-4b5a-a066-195b5324d165","amount_paise":350}
{"@timestamp":"2026-09-12T15:43:53.138391+05:30","@version":"1","message":"destination wallet credited","logger_name":"com.paytm.wallet.service.TransferService","thread_name":"pool-5-thread-7","level":"INFO","level_value":20000,"event":"transfer_credited","transfer_id":"b621ee4f-a7c6-4c95-907f-5a2670b99a4c","wallet_id":"70366c48-053b-42ef-81d0-545d616aa820","amount_paise":350}
{"@timestamp":"2026-09-12T15:43:53.138631+05:30","@version":"1","message":"transfer succeeded","logger_name":"com.paytm.wallet.service.TransferService","thread_name":"pool-5-thread-7","level":"INFO","level_value":20000,"event":"transfer_succeeded","transfer_id":"b621ee4f-a7c6-4c95-907f-5a2670b99a4c"}
{"@timestamp":"2026-09-12T15:43:53.13939+05:30","@version":"1","message":"transfer created","logger_name":"com.paytm.wallet.service.TransferService","thread_name":"pool-5-thread-9","level":"INFO","level_value":20000,"event":"transfer_created","transfer_id":"7cb3b21d-5bee-4edd-91af-c7dc1d8fbc7b","from_wallet_id":"70366c48-053b-42ef-81d0-545d616aa820","to_wallet_id":"2173ff3b-5aaf-4721-b8a6-1c3e6715e2f0","amount_paise":550}
{"@timestamp":"2026-09-12T15:43:53.139665+05:30","@version":"1","message":"source wallet debited","logger_name":"com.paytm.wallet.service.TransferService","thread_name":"pool-5-thread-9","level":"INFO","level_value":20000,"event":"transfer_debited","transfer_id":"7cb3b21d-5bee-4edd-91af-c7dc1d8fbc7b","wallet_id":"70366c48-053b-42ef-81d0-545d616aa820","amount_paise":550}
{"@timestamp":"2026-09-12T15:43:53.13991+05:30","@version":"1","message":"destination wallet credited","logger_name":"com.paytm.wallet.service.TransferService","thread_name":"pool-5-thread-9","level":"INFO","level_value":20000,"event":"transfer_credited","transfer_id":"7cb3b21d-5bee-4edd-91af-c7dc1d8fbc7b","wallet_id":"2173ff3b-5aaf-4721-b8a6-1c3e6715e2f0","amount_paise":550}
{"@timestamp":"2026-09-12T15:43:53.140186+05:30","@version":"1","message":"transfer succeeded","logger_name":"com.paytm.wallet.service.TransferService","thread_name":"pool-5-thread-9","level":"INFO","level_value":20000,"event":"transfer_succeeded","transfer_id":"7cb3b21d-5bee-4edd-91af-c7dc1d8fbc7b"}
{"@timestamp":"2026-09-12T15:43:53.140923+05:30","@version":"1","message":"transfer created","logger_name":"com.paytm.wallet.service.TransferService","thread_name":"pool-5-thread-10","level":"INFO","level_value":20000,"event":"transfer_created","transfer_id":"8cf90e02-b132-4ce7-892f-c475061fc063","from_wallet_id":"70366c48-053b-42ef-81d0-545d616aa820","to_wallet_id":"57718fb9-91bd-4b5a-a066-195b5324d165","amount_paise":450}
{"@timestamp":"2026-09-12T15:43:53.141182+05:30","@version":"1","message":"source wallet debited","logger_name":"com.paytm.wallet.service.TransferService","thread_name":"pool-5-thread-10","level":"INFO","level_value":20000,"event":"transfer_debited","transfer_id":"8cf90e02-b132-4ce7-892f-c475061fc063","wallet_id":"70366c48-053b-42ef-81d0-545d616aa820","amount_paise":450}
{"@timestamp":"2026-09-12T15:43:53.14139+05:30","@version":"1","message":"destination wallet credited","logger_name":"com.paytm.wallet.service.TransferService","thread_name":"pool-5-thread-10","level":"INFO","level_value":20000,"event":"transfer_credited","transfer_id":"8cf90e02-b132-4ce7-892f-c475061fc063","wallet_id":"57718fb9-91bd-4b5a-a066-195b5324d165","amount_paise":450}
{"@timestamp":"2026-09-12T15:43:53.141613+05:30","@version":"1","message":"transfer succeeded","logger_name":"com.paytm.wallet.service.TransferService","thread_name":"pool-5-thread-10","level":"INFO","level_value":20000,"event":"transfer_succeeded","transfer_id":"8cf90e02-b132-4ce7-892f-c475061fc063"}
{"@timestamp":"2026-09-12T15:43:53.142199+05:30","@version":"1","message":"transfer created","logger_name":"com.paytm.wallet.service.TransferService","thread_name":"pool-5-thread-4","level":"INFO","level_value":20000,"event":"transfer_created","transfer_id":"d07050d9-87e7-48ff-ba58-59742129da3d","from_wallet_id":"2173ff3b-5aaf-4721-b8a6-1c3e6715e2f0","to_wallet_id":"70366c48-053b-42ef-81d0-545d616aa820","amount_paise":250}
{"@timestamp":"2026-09-12T15:43:53.142414+05:30","@version":"1","message":"source wallet debited","logger_name":"com.paytm.wallet.service.TransferService","thread_name":"pool-5-thread-4","level":"INFO","level_value":20000,"event":"transfer_debited","transfer_id":"d07050d9-87e7-48ff-ba58-59742129da3d","wallet_id":"2173ff3b-5aaf-4721-b8a6-1c3e6715e2f0","amount_paise":250}
[...]
{"@timestamp":"2026-09-12T15:43:53.526311+05:30","@version":"1","message":"source wallet debited","logger_name":"com.paytm.wallet.service.TransferService","thread_name":"pool-5-thread-20","level":"INFO","level_value":20000,"event":"transfer_debited","transfer_id":"33dedcc4-47b4-426f-b63d-3e0235012660","wallet_id":"70366c48-053b-42ef-81d0-545d616aa820","amount_paise":350}
{"@timestamp":"2026-09-12T15:43:53.526459+05:30","@version":"1","message":"destination wallet credited","logger_name":"com.paytm.wallet.service.TransferService","thread_name":"pool-5-thread-20","level":"INFO","level_value":20000,"event":"transfer_credited","transfer_id":"33dedcc4-47b4-426f-b63d-3e0235012660","wallet_id":"2173ff3b-5aaf-4721-b8a6-1c3e6715e2f0","amount_paise":350}
{"@timestamp":"2026-09-12T15:43:53.52662+05:30","@version":"1","message":"transfer succeeded","logger_name":"com.paytm.wallet.service.TransferService","thread_name":"pool-5-thread-20","level":"INFO","level_value":20000,"event":"transfer_succeeded","transfer_id":"33dedcc4-47b4-426f-b63d-3e0235012660"}
{"@timestamp":"2026-09-12T15:43:53.527227+05:30","@version":"1","message":"transfer created","logger_name":"com.paytm.wallet.service.TransferService","thread_name":"pool-5-thread-34","level":"INFO","level_value":20000,"event":"transfer_created","transfer_id":"44bca154-bd72-4291-8dd4-e1086e9f3d8d","from_wallet_id":"70366c48-053b-42ef-81d0-545d616aa820","to_wallet_id":"2173ff3b-5aaf-4721-b8a6-1c3e6715e2f0","amount_paise":250}
{"@timestamp":"2026-09-12T15:43:53.527392+05:30","@version":"1","message":"source wallet debited","logger_name":"com.paytm.wallet.service.TransferService","thread_name":"pool-5-thread-34","level":"INFO","level_value":20000,"event":"transfer_debited","transfer_id":"44bca154-bd72-4291-8dd4-e1086e9f3d8d","wallet_id":"70366c48-053b-42ef-81d0-545d616aa820","amount_paise":250}
{"@timestamp":"2026-09-12T15:43:53.527548+05:30","@version":"1","message":"destination wallet credited","logger_name":"com.paytm.wallet.service.TransferService","thread_name":"pool-5-thread-34","level":"INFO","level_value":20000,"event":"transfer_credited","transfer_id":"44bca154-bd72-4291-8dd4-e1086e9f3d8d","wallet_id":"2173ff3b-5aaf-4721-b8a6-1c3e6715e2f0","amount_paise":250}
{"@timestamp":"2026-09-12T15:43:53.52772+05:30","@version":"1","message":"transfer succeeded","logger_name":"com.paytm.wallet.service.TransferService","thread_name":"pool-5-thread-34","level":"INFO","level_value":20000,"event":"transfer_succeeded","transfer_id":"44bca154-bd72-4291-8dd4-e1086e9f3d8d"}
{"@timestamp":"2026-09-12T15:43:53.528343+05:30","@version":"1","message":"transfer created","logger_name":"com.paytm.wallet.service.TransferService","thread_name":"pool-5-thread-14","level":"INFO","level_value":20000,"event":"transfer_created","transfer_id":"a68b5304-7b1d-4fa3-af56-6c174855b882","from_wallet_id":"2173ff3b-5aaf-4721-b8a6-1c3e6715e2f0","to_wallet_id":"57718fb9-91bd-4b5a-a066-195b5324d165","amount_paise":550}
{"@timestamp":"2026-09-12T15:43:53.528496+05:30","@version":"1","message":"source wallet debited","logger_name":"com.paytm.wallet.service.TransferService","thread_name":"pool-5-thread-14","level":"INFO","level_value":20000,"event":"transfer_debited","transfer_id":"a68b5304-7b1d-4fa3-af56-6c174855b882","wallet_id":"2173ff3b-5aaf-4721-b8a6-1c3e6715e2f0","amount_paise":550}
{"@timestamp":"2026-09-12T15:43:53.528625+05:30","@version":"1","message":"destination wallet credited","logger_name":"com.paytm.wallet.service.TransferService","thread_name":"pool-5-thread-14","level":"INFO","level_value":20000,"event":"transfer_credited","transfer_id":"a68b5304-7b1d-4fa3-af56-6c174855b882","wallet_id":"57718fb9-91bd-4b5a-a066-195b5324d165","amount_paise":550}
{"@timestamp":"2026-09-12T15:43:53.528952+05:30","@version":"1","message":"transfer succeeded","logger_name":"com.paytm.wallet.service.TransferService","thread_name":"pool-5-thread-14","level":"INFO","level_value":20000,"event":"transfer_succeeded","transfer_id":"a68b5304-7b1d-4fa3-af56-6c174855b882"}
{"@timestamp":"2026-09-12T15:43:53.52982+05:30","@version":"1","message":"transfer created","logger_name":"com.paytm.wallet.service.TransferService","thread_name":"pool-5-thread-40","level":"INFO","level_value":20000,"event":"transfer_created","transfer_id":"6d4fc829-c402-4995-b7d6-3806e4b434dd","from_wallet_id":"70366c48-053b-42ef-81d0-545d616aa820","to_wallet_id":"2173ff3b-5aaf-4721-b8a6-1c3e6715e2f0","amount_paise":350}
{"@timestamp":"2026-09-12T15:43:53.529985+05:30","@version":"1","message":"source wallet debited","logger_name":"com.paytm.wallet.service.TransferService","thread_name":"pool-5-thread-40","level":"INFO","level_value":20000,"event":"transfer_debited","transfer_id":"6d4fc829-c402-4995-b7d6-3806e4b434dd","wallet_id":"70366c48-053b-42ef-81d0-545d616aa820","amount_paise":350}
{"@timestamp":"2026-09-12T15:43:53.530138+05:30","@version":"1","message":"destination wallet credited","logger_name":"com.paytm.wallet.service.TransferService","thread_name":"pool-5-thread-40","level":"INFO","level_value":20000,"event":"transfer_credited","transfer_id":"6d4fc829-c402-4995-b7d6-3806e4b434dd","wallet_id":"2173ff3b-5aaf-4721-b8a6-1c3e6715e2f0","amount_paise":350}
{"@timestamp":"2026-09-12T15:43:53.530368+05:30","@version":"1","message":"transfer succeeded","logger_name":"com.paytm.wallet.service.TransferService","thread_name":"pool-5-thread-40","level":"INFO","level_value":20000,"event":"transfer_succeeded","transfer_id":"6d4fc829-c402-4995-b7d6-3806e4b434dd"}
{"@timestamp":"2026-09-12T15:43:53.531062+05:30","@version":"1","message":"transfer created","logger_name":"com.paytm.wallet.service.TransferService","thread_name":"pool-5-thread-38","level":"INFO","level_value":20000,"event":"transfer_created","transfer_id":"0089c8b6-27dd-4c8f-83e2-40ccc02c4eff","from_wallet_id":"2173ff3b-5aaf-4721-b8a6-1c3e6715e2f0","to_wallet_id":"70366c48-053b-42ef-81d0-545d616aa820","amount_paise":350}
{"@timestamp":"2026-09-12T15:43:53.531203+05:30","@version":"1","message":"source wallet debited","logger_name":"com.paytm.wallet.service.TransferService","thread_name":"pool-5-thread-38","level":"INFO","level_value":20000,"event":"transfer_debited","transfer_id":"0089c8b6-27dd-4c8f-83e2-40ccc02c4eff","wallet_id":"2173ff3b-5aaf-4721-b8a6-1c3e6715e2f0","amount_paise":350}
{"@timestamp":"2026-09-12T15:43:53.531343+05:30","@version":"1","message":"destination wallet credited","logger_name":"com.paytm.wallet.service.TransferService","thread_name":"pool-5-thread-38","level":"INFO","level_value":20000,"event":"transfer_credited","transfer_id":"0089c8b6-27dd-4c8f-83e2-40ccc02c4eff","wallet_id":"70366c48-053b-42ef-81d0-545d616aa820","amount_paise":350}
{"@timestamp":"2026-09-12T15:43:53.531516+05:30","@version":"1","message":"transfer succeeded","logger_name":"com.paytm.wallet.service.TransferService","thread_name":"pool-5-thread-38","level":"INFO","level_value":20000,"event":"transfer_succeeded","transfer_id":"0089c8b6-27dd-4c8f-83e2-40ccc02c4eff"}
{"@timestamp":"2026-09-12T15:43:53.5321+05:30","@version":"1","message":"transfer created","logger_name":"com.paytm.wallet.service.TransferService","thread_name":"pool-5-thread-19","level":"INFO","level_value":20000,"event":"transfer_created","transfer_id":"b8ed4602-bb9f-42e1-a61e-37d28d706f16","from_wallet_id":"2173ff3b-5aaf-4721-b8a6-1c3e6715e2f0","to_wallet_id":"57718fb9-91bd-4b5a-a066-195b5324d165","amount_paise":250}
{"@timestamp":"2026-09-12T15:43:53.532234+05:30","@version":"1","message":"source wallet debited","logger_name":"com.paytm.wallet.service.TransferService","thread_name":"pool-5-thread-19","level":"INFO","level_value":20000,"event":"transfer_debited","transfer_id":"b8ed4602-bb9f-42e1-a61e-37d28d706f16","wallet_id":"2173ff3b-5aaf-4721-b8a6-1c3e6715e2f0","amount_paise":250}
{"@timestamp":"2026-09-12T15:43:53.532363+05:30","@version":"1","message":"destination wallet credited","logger_name":"com.paytm.wallet.service.TransferService","thread_name":"pool-5-thread-19","level":"INFO","level_value":20000,"event":"transfer_credited","transfer_id":"b8ed4602-bb9f-42e1-a61e-37d28d706f16","wallet_id":"57718fb9-91bd-4b5a-a066-195b5324d165","amount_paise":250}
{"@timestamp":"2026-09-12T15:43:53.532516+05:30","@version":"1","message":"transfer succeeded","logger_name":"com.paytm.wallet.service.TransferService","thread_name":"pool-5-thread-19","level":"INFO","level_value":20000,"event":"transfer_succeeded","transfer_id":"b8ed4602-bb9f-42e1-a61e-37d28d706f16"}
{"@timestamp":"2026-09-12T15:43:53.533189+05:30","@version":"1","message":"transfer created","logger_name":"com.paytm.wallet.service.TransferService","thread_name":"pool-5-thread-36","level":"INFO","level_value":20000,"event":"transfer_created","transfer_id":"4820470e-f862-497d-9e18-1ef3f605aa6f","from_wallet_id":"2173ff3b-5aaf-4721-b8a6-1c3e6715e2f0","to_wallet_id":"57718fb9-91bd-4b5a-a066-195b5324d165","amount_paise":650}
{"@timestamp":"2026-09-12T15:43:53.533346+05:30","@version":"1","message":"source wallet debited","logger_name":"com.paytm.wallet.service.TransferService","thread_name":"pool-5-thread-36","level":"INFO","level_value":20000,"event":"transfer_debited","transfer_id":"4820470e-f862-497d-9e18-1ef3f605aa6f","wallet_id":"2173ff3b-5aaf-4721-b8a6-1c3e6715e2f0","amount_paise":650}
{"@timestamp":"2026-09-12T15:43:53.533501+05:30","@version":"1","message":"destination wallet credited","logger_name":"com.paytm.wallet.service.TransferService","thread_name":"pool-5-thread-36","level":"INFO","level_value":20000,"event":"transfer_credited","transfer_id":"4820470e-f862-497d-9e18-1ef3f605aa6f","wallet_id":"57718fb9-91bd-4b5a-a066-195b5324d165","amount_paise":650}
{"@timestamp":"2026-09-12T15:43:53.533691+05:30","@version":"1","message":"transfer succeeded","logger_name":"com.paytm.wallet.service.TransferService","thread_name":"pool-5-thread-36","level":"INFO","level_value":20000,"event":"transfer_succeeded","transfer_id":"4820470e-f862-497d-9e18-1ef3f605aa6f"}
{"@timestamp":"2026-09-12T15:43:53.534327+05:30","@version":"1","message":"transfer created","logger_name":"com.paytm.wallet.service.TransferService","thread_name":"pool-5-thread-32","level":"INFO","level_value":20000,"event":"transfer_created","transfer_id":"bb74f6f9-d11b-4d68-afa4-2a11d2170c0b","from_wallet_id":"57718fb9-91bd-4b5a-a066-195b5324d165","to_wallet_id":"2173ff3b-5aaf-4721-b8a6-1c3e6715e2f0","amount_paise":550}
{"@timestamp":"2026-09-12T15:43:53.534468+05:30","@version":"1","message":"source wallet debited","logger_name":"com.paytm.wallet.service.TransferService","thread_name":"pool-5-thread-32","level":"INFO","level_value":20000,"event":"transfer_debited","transfer_id":"bb74f6f9-d11b-4d68-afa4-2a11d2170c0b","wallet_id":"57718fb9-91bd-4b5a-a066-195b5324d165","amount_paise":550}
{"@timestamp":"2026-09-12T15:43:53.534594+05:30","@version":"1","message":"destination wallet credited","logger_name":"com.paytm.wallet.service.TransferService","thread_name":"pool-5-thread-32","level":"INFO","level_value":20000,"event":"transfer_credited","transfer_id":"bb74f6f9-d11b-4d68-afa4-2a11d2170c0b","wallet_id":"2173ff3b-5aaf-4721-b8a6-1c3e6715e2f0","amount_paise":550}
{"@timestamp":"2026-09-12T15:43:53.534748+05:30","@version":"1","message":"transfer succeeded","logger_name":"com.paytm.wallet.service.TransferService","thread_name":"pool-5-thread-32","level":"INFO","level_value":20000,"event":"transfer_succeeded","transfer_id":"bb74f6f9-d11b-4d68-afa4-2a11d2170c0b"}
{"@timestamp":"2026-09-12T15:43:53.53572+05:30","@version":"1","message":"transfer created","logger_name":"com.paytm.wallet.service.TransferService","thread_name":"pool-5-thread-5","level":"INFO","level_value":20000,"event":"transfer_created","transfer_id":"2e183ed5-e935-491d-b7b5-6fef31a0ee6a","from_wallet_id":"57718fb9-91bd-4b5a-a066-195b5324d165","to_wallet_id":"2173ff3b-5aaf-4721-b8a6-1c3e6715e2f0","amount_paise":500000}
{"@timestamp":"2026-09-12T15:43:53.536127+05:30","@version":"1","message":"transfer declined","logger_name":"com.paytm.wallet.service.TransferService","thread_name":"pool-5-thread-5","level":"INFO","level_value":20000,"event":"transfer_declined","transfer_id":"2e183ed5-e935-491d-b7b5-6fef31a0ee6a","reason":"INSUFFICIENT_FUNDS","amount_paise":500000}
{"@timestamp":"2026-09-12T15:43:53.536807+05:30","@version":"1","message":"transfer created","logger_name":"com.paytm.wallet.service.TransferService","thread_name":"pool-5-thread-33","level":"INFO","level_value":20000,"event":"transfer_created","transfer_id":"0c482c0a-1f99-49e9-bdcd-27fb47a5e7cf","from_wallet_id":"57718fb9-91bd-4b5a-a066-195b5324d165","to_wallet_id":"2173ff3b-5aaf-4721-b8a6-1c3e6715e2f0","amount_paise":550}
{"@timestamp":"2026-09-12T15:43:53.536952+05:30","@version":"1","message":"source wallet debited","logger_name":"com.paytm.wallet.service.TransferService","thread_name":"pool-5-thread-33","level":"INFO","level_value":20000,"event":"transfer_debited","transfer_id":"0c482c0a-1f99-49e9-bdcd-27fb47a5e7cf","wallet_id":"57718fb9-91bd-4b5a-a066-195b5324d165","amount_paise":550}
{"@timestamp":"2026-09-12T15:43:53.537086+05:30","@version":"1","message":"destination wallet credited","logger_name":"com.paytm.wallet.service.TransferService","thread_name":"pool-5-thread-33","level":"INFO","level_value":20000,"event":"transfer_credited","transfer_id":"0c482c0a-1f99-49e9-bdcd-27fb47a5e7cf","wallet_id":"2173ff3b-5aaf-4721-b8a6-1c3e6715e2f0","amount_paise":550}
{"@timestamp":"2026-09-12T15:43:53.537252+05:30","@version":"1","message":"transfer succeeded","logger_name":"com.paytm.wallet.service.TransferService","thread_name":"pool-5-thread-33","level":"INFO","level_value":20000,"event":"transfer_succeeded","transfer_id":"0c482c0a-1f99-49e9-bdcd-27fb47a5e7cf"}
{"@timestamp":"2026-09-12T15:43:53.537943+05:30","@version":"1","message":"transfer created","logger_name":"com.paytm.wallet.service.TransferService","thread_name":"pool-5-thread-30","level":"INFO","level_value":20000,"event":"transfer_created","transfer_id":"62ad8f3e-f0e4-4ef9-ae36-8b0e0c3f148b","from_wallet_id":"70366c48-053b-42ef-81d0-545d616aa820","to_wallet_id":"2173ff3b-5aaf-4721-b8a6-1c3e6715e2f0","amount_paise":450}
{"@timestamp":"2026-09-12T15:43:53.538092+05:30","@version":"1","message":"source wallet debited","logger_name":"com.paytm.wallet.service.TransferService","thread_name":"pool-5-thread-30","level":"INFO","level_value":20000,"event":"transfer_debited","transfer_id":"62ad8f3e-f0e4-4ef9-ae36-8b0e0c3f148b","wallet_id":"70366c48-053b-42ef-81d0-545d616aa820","amount_paise":450}
{"@timestamp":"2026-09-12T15:43:53.538231+05:30","@version":"1","message":"destination wallet credited","logger_name":"com.paytm.wallet.service.TransferService","thread_name":"pool-5-thread-30","level":"INFO","level_value":20000,"event":"transfer_credited","transfer_id":"62ad8f3e-f0e4-4ef9-ae36-8b0e0c3f148b","wallet_id":"2173ff3b-5aaf-4721-b8a6-1c3e6715e2f0","amount_paise":450}
{"@timestamp":"2026-09-12T15:43:53.538379+05:30","@version":"1","message":"transfer succeeded","logger_name":"com.paytm.wallet.service.TransferService","thread_name":"pool-5-thread-30","level":"INFO","level_value":20000,"event":"transfer_succeeded","transfer_id":"62ad8f3e-f0e4-4ef9-ae36-8b0e0c3f148b"}
{"@timestamp":"2026-09-12T15:43:53.538987+05:30","@version":"1","message":"transfer created","logger_name":"com.paytm.wallet.service.TransferService","thread_name":"pool-5-thread-10","level":"INFO","level_value":20000,"event":"transfer_created","transfer_id":"f9beef36-ca71-4f26-939a-961faf650511","from_wallet_id":"57718fb9-91bd-4b5a-a066-195b5324d165","to_wallet_id":"2173ff3b-5aaf-4721-b8a6-1c3e6715e2f0","amount_paise":250}
{"@timestamp":"2026-09-12T15:43:53.539125+05:30","@version":"1","message":"source wallet debited","logger_name":"com.paytm.wallet.service.TransferService","thread_name":"pool-5-thread-10","level":"INFO","level_value":20000,"event":"transfer_debited","transfer_id":"f9beef36-ca71-4f26-939a-961faf650511","wallet_id":"57718fb9-91bd-4b5a-a066-195b5324d165","amount_paise":250}
{"@timestamp":"2026-09-12T15:43:53.539266+05:30","@version":"1","message":"destination wallet credited","logger_name":"com.paytm.wallet.service.TransferService","thread_name":"pool-5-thread-10","level":"INFO","level_value":20000,"event":"transfer_credited","transfer_id":"f9beef36-ca71-4f26-939a-961faf650511","wallet_id":"2173ff3b-5aaf-4721-b8a6-1c3e6715e2f0","amount_paise":250}
{"@timestamp":"2026-09-12T15:43:53.539439+05:30","@version":"1","message":"transfer succeeded","logger_name":"com.paytm.wallet.service.TransferService","thread_name":"pool-5-thread-10","level":"INFO","level_value":20000,"event":"transfer_succeeded","transfer_id":"f9beef36-ca71-4f26-939a-961faf650511"}
]]></system-out>
  </testcase>
  <testcase name="sameIdempotencyKeyWithDifferentBodyIsConflict" classname="com.paytm.wallet.TransferConcurrencyTest" time="0.011">
    <system-out><![CDATA[{"@timestamp":"2026-09-12T15:43:53.550078+05:30","@version":"1","message":"wallet created","logger_name":"com.paytm.wallet.service.WalletService","thread_name":"main","level":"INFO","level_value":20000,"event":"wallet_created","wallet_id":"bacf6d5e-c9db-409f-8c56-b1775398b8da","balance_paise":100000}
{"@timestamp":"2026-09-12T15:43:53.550908+05:30","@version":"1","message":"wallet created","logger_name":"com.paytm.wallet.service.WalletService","thread_name":"main","level":"INFO","level_value":20000,"event":"wallet_created","wallet_id":"0ab5997d-da1d-4fe3-adf5-d7e6c72b22f2","balance_paise":100000}
{"@timestamp":"2026-09-12T15:43:53.552386+05:30","@version":"1","message":"transfer created","logger_name":"com.paytm.wallet.service.TransferService","thread_name":"main","level":"INFO","level_value":20000,"event":"transfer_created","transfer_id":"4230654c-94ff-4bca-9152-2b66203cdff5","from_wallet_id":"bacf6d5e-c9db-409f-8c56-b1775398b8da","to_wallet_id":"0ab5997d-da1d-4fe3-adf5-d7e6c72b22f2","amount_paise":500}
{"@timestamp":"2026-09-12T15:43:53.552595+05:30","@version":"1","message":"source wallet debited","logger_name":"com.paytm.wallet.service.TransferService","thread_name":"main","level":"INFO","level_value":20000,"event":"transfer_debited","transfer_id":"4230654c-94ff-4bca-9152-2b66203cdff5","wallet_id":"bacf6d5e-c9db-409f-8c56-b1775398b8da","amount_paise":500}
{"@timestamp":"2026-09-12T15:43:53.552765+05:30","@version":"1","message":"destination wallet credited","logger_name":"com.paytm.wallet.service.TransferService","thread_name":"main","level":"INFO","level_value":20000,"event":"transfer_credited","transfer_id":"4230654c-94ff-4bca-9152-2b66203cdff5","wallet_id":"0ab5997d-da1d-4fe3-adf5-d7e6c72b22f2","amount_paise":500}
{"@timestamp":"2026-09-12T15:43:53.553005+05:30","@version":"1","message":"transfer succeeded","logger_name":"com.paytm.wallet.service.TransferService","thread_name":"main","level":"INFO","level_value":20000,"event":"transfer_succeeded","transfer_id":"4230654c-94ff-4bca-9152-2b66203cdff5"}
{"@timestamp":"2026-09-12T15:43:53.554086+05:30","@version":"1","message":"idempotency key reused with a different request","logger_name":"com.paytm.wallet.service.TransferService","thread_name":"main","level":"WARN","level_value":30000,"event":"idempotency_conflict","idempotency_key":"conflict-108d7f1f-49b2-432b-b4cd-cc8d9c688661","existing_transfer_id":"4230654c-94ff-4bca-9152-2b66203cdff5"}
{"@timestamp":"2026-09-12T15:43:53.55556+05:30","@version":"1","message":"idempotency key reused with a different request","logger_name":"com.paytm.wallet.service.TransferService","thread_name":"main","level":"WARN","level_value":30000,"event":"idempotency_conflict","idempotency_key":"conflict-108d7f1f-49b2-432b-b4cd-cc8d9c688661","existing_transfer_id":"4230654c-94ff-4bca-9152-2b66203cdff5"}
]]></system-out>
  </testcase>
</testsuite>