<?xml version="1.0" encoding="UTF-8"?>
<testsuite xmlns:xsi="http://www.w3.org/2001/XMLSchema-instance" xsi:noNamespaceSchemaLocation="https://maven.apache.org/surefire/maven-surefire-plugin/xsd/surefire-test-report.xsd" version="3.0.2" name="com.paytm.wallet.WalletConcurrencyTest" time="8.057" tests="1" errors="0" skipped="0" failures="0" flakes="0">
  <properties>
[...]
</properties>
  <testcase name="concurrentGetOrCreateReturnsExactlyOneWallet" classname="com.paytm.wallet.WalletConcurrencyTest" time="0.378">
    <system-out><![CDATA[15:43:44.969 [main] INFO org.springframework.test.context.support.AnnotationConfigContextLoaderUtils -- Could not detect default configuration classes for test class [com.paytm.wallet.WalletConcurrencyTest]: WalletConcurrencyTest does not declare any static, non-private, non-final, nested classes annotated with @Configuration.
15:43:45.005 [main] INFO org.springframework.boot.test.context.SpringBootTestContextBootstrapper -- Found @SpringBootConfiguration com.paytm.wallet.WalletApplication for test class com.paytm.wallet.WalletConcurrencyTest
15:43:45.048 [main] INFO org.testcontainers.images.PullPolicy -- Image pull policy will be performed by: DefaultPullPolicy()
15:43:45.049 [main] INFO org.testcontainers.utility.ImageNameSubstitutor -- Image name substitution will be performed by: DefaultImageNameSubstitutor (composite of 'ConfigurationFileImageNameSubstitutor' and 'PrefixingImageNameSubstitutor')
15:43:45.056 [main] INFO org.testcontainers.DockerClientFactory -- Testcontainers version: 2.0.5
15:43:45.289 [main] INFO org.testcontainers.dockerclient.DockerClientProviderStrategy -- Found Docker environment with Docker accessed via Unix socket (/Users/anshul/.docker/run/docker.sock)
15:43:45.290 [main] INFO org.testcontainers.DockerClientFactory -- Docker host IP address is localhost
15:43:45.303 [main] INFO org.testcontainers.DockerClientFactory -- Connected to docker: 
  Server Version: 29.7.2
  API Version: 1.55
  Operating System: Docker Desktop
  Total Memory: 7934 MB
  Labels: 
    com.docker.desktop.address=unix:///Users/anshul/Library/Containers/com.docker.docker/Data/docker-cli.sock
15:43:45.351 [main] INFO tc.testcontainers/ryuk:0.14.0 -- Pulling docker image: testcontainers/ryuk:0.14.0. Please be patient; this may take some time but only needs to be done once.
15:43:49.093 [docker-java-stream-1468941485] INFO tc.testcontainers/ryuk:0.14.0 -- Starting to pull image
15:43:49.108 [docker-java-stream-1468941485] INFO tc.testcontainers/ryuk:0.14.0 -- Pulling image layers:  0 pending,  0 downloaded,  0 extracted, (0 bytes/0 bytes)
15:43:50.356 [docker-java-stream-1468941485] INFO tc.testcontainers/ryuk:0.14.0 -- Pulling image layers:  1 pending,  1 downloaded,  0 extracted, (0 bytes/? MB)
15:43:50.357 [docker-java-stream-1468941485] INFO tc.testcontainers/ryuk:0.14.0 -- Pulling image layers:  1 pending,  1 downloaded,  1 extracted, (0 bytes/? MB)
15:43:50.619 [docker-java-stream-1468941485] INFO tc.testcontainers/ryuk:0.14.0 -- Pulling image layers:  0 pending,  2 downloaded,  1 extracted, (1 MB/1 MB)
15:43:50.620 [docker-java-stream-1468941485] INFO tc.testcontainers/ryuk:0.14.0 -- Pulling image layers:  0 pending,  2 downloaded,  2 extracted, (1 MB/1 MB)
15:43:50.621 [docker-java-stream-1468941485] INFO tc.testcontainers/ryuk:0.14.0 -- Pull complete. 2 layers, pulled in 1s (downloaded 1 MB at 1 MB/s)
15:43:50.621 [main] INFO tc.testcontainers/ryuk:0.14.0 -- Image testcontainers/ryuk:0.14.0 pull took PT5.269713S
15:43:50.656 [main] INFO tc.testcontainers/ryuk:0.14.0 -- Creating container for image: testcontainers/ryuk:0.14.0
15:43:50.709 [main] INFO tc.testcontainers/ryuk:0.14.0 -- Container testcontainers/ryuk:0.14.0 is starting: 7e91eaf61674e86c5c45236933d1c9287d8571027889bf131ff6995d5e391196
15:43:50.846 [main] INFO tc.testcontainers/ryuk:0.14.0 -- Container testcontainers/ryuk:0.14.0 started in PT0.189753S
15:43:50.849 [main] INFO org.testcontainers.utility.RyukResourceReaper -- Ryuk started - will monitor and terminate Testcontainers containers on JVM exit
15:43:50.849 [main] INFO org.testcontainers.DockerClientFactory -- Checking the system...
15:43:50.849 [main] INFO org.testcontainers.DockerClientFactory -- ✔︎ Docker server version should be at least 1.6.0
15:43:50.849 [main] INFO tc.postgres:17-alpine -- Creating container for image: postgres:17-alpine
15:43:50.874 [main] INFO tc.postgres:17-alpine -- Container postgres:17-alpine is starting: 5a9fd883c636a8198f511bcd8fb16f6a66669659e07a66bcd32908e76dfe7e64
15:43:51.544 [main] INFO tc.postgres:17-alpine -- Container postgres:17-alpine started in PT0.694553S
15:43:51.544 [main] INFO tc.postgres:17-alpine -- Container is started (JDBC URL: jdbc:postgresql://localhost:65112/wallet_test?loggerLevel=OFF)
{"@timestamp":"2026-09-12T15:43:51.65697+05:30","@version":"1","message":"Starting WalletConcurrencyTest using Java 26.0.2.1 with PID 39546 (started by anshul in /Users/anshul/Workspace/paytm-wallet-r2)","logger_name":"com.paytm.wallet.WalletConcurrencyTest","thread_name":"main","level":"INFO","level_value":20000}
{"@timestamp":"2026-09-12T15:43:51.658629+05:30","@version":"1","message":"No active profile set, falling back to 1 default profile: \"default\"","logger_name":"com.paytm.wallet.WalletConcurrencyTest","thread_name":"main","level":"INFO","level_value":20000}
{"@timestamp":"2026-09-12T15:43:52.164399+05:30","@version":"1","message":"HikariPool-1 - Starting...","logger_name":"com.zaxxer.hikari.HikariDataSource","thread_name":"main","level":"INFO","level_value":20000}
{"@timestamp":"2026-09-12T15:43:52.226395+05:30","@version":"1","message":"HikariPool-1 - Added connection org.postgresql.jdbc.PgConnection@58f50dd0","logger_name":"com.zaxxer.hikari.pool.HikariPool","thread_name":"main","level":"INFO","level_value":20000}
{"@timestamp":"2026-09-12T15:43:52.226874+05:30","@version":"1","message":"HikariPool-1 - Start completed.","logger_name":"com.zaxxer.hikari.HikariDataSource","thread_name":"main","level":"INFO","level_value":20000}
{"@timestamp":"2026-09-12T15:43:52.235654+05:30","@version":"1","message":"Database: jdbc:postgresql://localhost:65112/wallet_test?loggerLevel=OFF (PostgreSQL 17.11)","logger_name":"org.flywaydb.core.FlywayExecutor","thread_name":"main","level":"INFO","level_value":20000}
{"@timestamp":"2026-09-12T15:43:52.252341+05:30","@version":"1","message":"Schema history table \"public\".\"flyway_schema_history\" does not exist yet","logger_name":"org.flywaydb.core.internal.schemahistory.JdbcTableSchemaHistory","thread_name":"main","level":"INFO","level_value":20000}
{"@timestamp":"2026-09-12T15:43:52.253294+05:30","@version":"1","message":"Successfully validated 1 migration (execution time 00:00.005s)","logger_name":"org.flywaydb.core.internal.command.DbValidate","thread_name":"main","level":"INFO","level_value":20000}
{"@timestamp":"2026-09-12T15:43:52.262303+05:30","@version":"1","message":"Creating Schema History table \"public\".\"flyway_schema_history\" ...","logger_name":"org.flywaydb.core.internal.schemahistory.JdbcTableSchemaHistory","thread_name":"main","level":"INFO","level_value":20000}
{"@timestamp":"2026-09-12T15:43:52.289107+05:30","@version":"1","message":"Current version of schema \"public\": << Empty Schema >>","logger_name":"org.flywaydb.core.internal.command.DbMigrate","thread_name":"main","level":"INFO","level_value":20000}
{"@timestamp":"2026-09-12T15:43:52.293027+05:30","@version":"1","message":"Migrating schema \"public\" to version \"1 - init\"","logger_name":"org.flywaydb.core.internal.command.DbMigrate","thread_name":"main","level":"INFO","level_value":20000}
{"@timestamp":"2026-09-12T15:43:52.309862+05:30","@version":"1","message":"Successfully applied 1 migration to schema \"public\", now at version v1 (execution time 00:00.011s)","logger_name":"org.flywaydb.core.internal.command.DbMigrate","thread_name":"main","level":"INFO","level_value":20000}
{"@timestamp":"2026-09-12T15:43:52.538072+05:30","@version":"1","message":"Exposing 1 endpoint beneath base path ''","logger_name":"org.springframework.boot.actuate.endpoint.web.EndpointLinksResolver","thread_name":"main","level":"INFO","level_value":20000}
{"@timestamp":"2026-09-12T15:43:52.564791+05:30","@version":"1","message":"Started WalletConcurrencyTest in 0.998 seconds (process running for 7.813)","logger_name":"com.paytm.wallet.WalletConcurrencyTest","thread_name":"main","level":"INFO","level_value":20000}
{"@timestamp":"2026-09-12T15:43:52.924864+05:30","@version":"1","message":"wallet created","logger_name":"com.paytm.wallet.service.WalletService","thread_name":"pool-3-thread-47","level":"INFO","level_value":20000,"event":"wallet_created","wallet_id":"0de03a99-9688-44d1-99d1-db11d8ec8acd","balance_paise":100000}
{"@timestamp":"2026-09-12T15:43:52.927651+05:30","@version":"1","message":"existing wallet returned","logger_name":"com.paytm.wallet.service.WalletService","thread_name":"pool-3-thread-42","level":"INFO","level_value":20000,"event":"wallet_existing_returned","wallet_id":"0de03a99-9688-44d1-99d1-db11d8ec8acd"}
{"@timestamp":"2026-09-12T15:43:52.928171+05:30","@version":"1","message":"existing wallet returned","logger_name":"com.paytm.wallet.service.WalletService","thread_name":"pool-3-thread-1","level":"INFO","level_value":20000,"event":"wallet_existing_returned","wallet_id":"0de03a99-9688-44d1-99d1-db11d8ec8acd"}
{"@timestamp":"2026-09-12T15:43:52.929422+05:30","@version":"1","message":"existing wallet returned","logger_name":"com.paytm.wallet.service.WalletService","thread_name":"pool-3-thread-27","level":"INFO","level_value":20000,"event":"wallet_existing_returned","wallet_id":"0de03a99-9688-44d1-99d1-db11d8ec8acd"}
{"@timestamp":"2026-09-12T15:43:52.929799+05:30","@version":"1","message":"existing wallet returned","logger_name":"com.paytm.wallet.service.WalletService","thread_name":"pool-3-thread-28","level":"INFO","level_value":20000,"event":"wallet_existing_returned","wallet_id":"0de03a99-9688-44d1-99d1-db11d8ec8acd"}
{"@timestamp":"2026-09-12T15:43:52.930935+05:30","@version":"1","message":"existing wallet returned","logger_name":"com.paytm.wallet.service.WalletService","thread_name":"pool-3-thread-49","level":"INFO","level_value":20000,"event":"wallet_existing_returned","wallet_id":"0de03a99-9688-44d1-99d1-db11d8ec8acd"}
{"@timestamp":"2026-09-12T15:43:52.93109+05:30","@version":"1","message":"existing wallet returned","logger_name":"com.paytm.wallet.service.WalletService","thread_name":"pool-3-thread-9","level":"INFO","level_value":20000,"event":"wallet_existing_returned","wallet_id":"0de03a99-9688-44d1-99d1-db11d8ec8acd"}
{"@timestamp":"2026-09-12T15:43:52.931862+05:30","@version":"1","message":"existing wallet returned","logger_name":"com.paytm.wallet.service.WalletService","thread_name":"pool-3-thread-44","level":"INFO","level_value":20000,"event":"wallet_existing_returned","wallet_id":"0de03a99-9688-44d1-99d1-db11d8ec8acd"}
{"@timestamp":"2026-09-12T15:43:52.932735+05:30","@version":"1","message":"existing wallet returned","logger_name":"com.paytm.wallet.service.WalletService","thread_name":"pool-3-thread-36","level":"INFO","level_value":20000,"event":"wallet_existing_returned","wallet_id":"0de03a99-9688-44d1-99d1-db11d8ec8acd"}
{"@timestamp":"2026-09-12T15:43:52.932891+05:30","@version":"1","message":"existing wallet returned","logger_name":"com.paytm.wallet.service.WalletService","thread_name":"pool-3-thread-48","level":"INFO","level_value":20000,"event":"wallet_existing_returned","wallet_id":"0de03a99-9688-44d1-99d1-db11d8ec8acd"}
{"@timestamp":"2026-09-12T15:43:52.933411+05:30","@version":"1","message":"existing wallet returned","logger_name":"com.paytm.wallet.service.WalletService","thread_name":"pool-3-thread-32","level":"INFO","level_value":20000,"event":"wallet_existing_returned","wallet_id":"0de03a99-9688-44d1-99d1-db11d8ec8acd"}
{"@timestamp":"2026-09-12T15:43:52.934537+05:30","@version":"1","message":"existing wallet returned","logger_name":"com.paytm.wallet.service.WalletService","thread_name":"pool-3-thread-16","level":"INFO","level_value":20000,"event":"wallet_existing_returned","wallet_id":"0de03a99-9688-44d1-99d1-db11d8ec8acd"}
{"@timestamp":"2026-09-12T15:43:52.934672+05:30","@version":"1","message":"existing wallet returned","logger_name":"com.paytm.wallet.service.WalletService","thread_name":"pool-3-thread-8","level":"INFO","level_value":20000,"event":"wallet_existing_returned","wallet_id":"0de03a99-9688-44d1-99d1-db11d8ec8acd"}
{"@timestamp":"2026-09-12T15:43:52.935019+05:30","@version":"1","message":"existing wallet returned","logger_name":"com.paytm.wallet.service.WalletService","thread_name":"pool-3-thread-2","level":"INFO","level_value":20000,"event":"wallet_existing_returned","wallet_id":"0de03a99-9688-44d1-99d1-db11d8ec8acd"}
{"@timestamp":"2026-09-12T15:43:52.936073+05:30","@version":"1","message":"existing wallet returned","logger_name":"com.paytm.wallet.service.WalletService","thread_name":"pool-3-thread-17","level":"INFO","level_value":20000,"event":"wallet_existing_returned","wallet_id":"0de03a99-9688-44d1-99d1-db11d8ec8acd"}
{"@timestamp":"2026-09-12T15:43:52.936249+05:30","@version":"1","message":"existing wallet returned","logger_name":"com.paytm.wallet.service.WalletService","thread_name":"pool-3-thread-10","level":"INFO","level_value":20000,"event":"wallet_existing_returned","wallet_id":"0de03a99-9688-44d1-99d1-db11d8ec8acd"}
{"@timestamp":"2026-09-12T15:43:52.936587+05:30","@version":"1","message":"existing wallet returned","logger_name":"com.paytm.wallet.service.WalletService","thread_name":"pool-3-thread-31","level":"INFO","level_value":20000,"event":"wallet_existing_returned","wallet_id":"0de03a99-9688-44d1-99d1-db11d8ec8acd"}
{"@timestamp":"2026-09-12T15:43:52.937647+05:30","@version":"1","message":"existing wallet returned","logger_name":"com.paytm.wallet.service.WalletService","thread_name":"pool-3-thread-14","level":"INFO","level_value":20000,"event":"wallet_existing_returned","wallet_id":"0de03a99-9688-44d1-99d1-db11d8ec8acd"}
{"@timestamp":"2026-09-12T15:43:52.937857+05:30","@version":"1","message":"existing wallet returned","logger_name":"com.paytm.wallet.service.WalletService","thread_name":"pool-3-thread-18","level":"INFO","level_value":20000,"event":"wallet_existing_returned","wallet_id":"0de03a99-9688-44d1-99d1-db11d8ec8acd"}
{"@timestamp":"2026-09-12T15:43:52.938369+05:30","@version":"1","message":"existing wallet returned","logger_name":"com.paytm.wallet.service.WalletService","thread_name":"pool-3-thread-23","level":"INFO","level_value":20000,"event":"wallet_existing_returned","wallet_id":"0de03a99-9688-44d1-99d1-db11d8ec8acd"}
{"@timestamp":"2026-09-12T15:43:52.939204+05:30","@version":"1","message":"existing wallet returned","logger_name":"com.paytm.wallet.service.WalletService","thread_name":"pool-3-thread-21","level":"INFO","level_value":20000,"event":"wallet_existing_returned","wallet_id":"0de03a99-9688-44d1-99d1-db11d8ec8acd"}
{"@timestamp":"2026-09-12T15:43:52.939456+05:30","@version":"1","message":"existing wallet returned","logger_name":"com.paytm.wallet.service.WalletService","thread_name":"pool-3-thread-43","level":"INFO","level_value":20000,"event":"wallet_existing_returned","wallet_id":"0de03a99-9688-44d1-99d1-db11d8ec8acd"}
{"@timestamp":"2026-09-12T15:43:52.940114+05:30","@version":"1","message":"existing wallet returned","logger_name":"com.paytm.wallet.service.WalletService","thread_name":"pool-3-thread-50","level":"INFO","level_value":20000,"event":"wallet_existing_returned","wallet_id":"0de03a99-9688-44d1-99d1-db11d8ec8acd"}
{"@timestamp":"2026-09-12T15:43:52.940813+05:30","@version":"1","message":"existing wallet returned","logger_name":"com.paytm.wallet.service.WalletService","thread_name":"pool-3-thread-24","level":"INFO","level_value":20000,"event":"wallet_existing_returned","wallet_id":"0de03a99-9688-44d1-99d1-db11d8ec8acd"}
{"@timestamp":"2026-09-12T15:43:52.941112+05:30","@version":"1","message":"existing wallet returned","logger_name":"com.paytm.wallet.service.WalletService","thread_name":"pool-3-thread-45","level":"INFO","level_value":20000,"event":"wallet_existing_returned","wallet_id":"0de03a99-9688-44d1-99d1-db11d8ec8acd"}
{"@timestamp":"2026-09-12T15:43:52.941595+05:30","@version":"1","message":"existing wallet returned","logger_name":"com.paytm.wallet.service.WalletService","thread_name":"pool-3-thread-37","level":"INFO","level_value":20000,"event":"wallet_existing_returned","wallet_id":"0de03a99-9688-44d1-99d1-db11d8ec8acd"}
{"@timestamp":"2026-09-12T15:43:52.94235+05:30","@version":"1","message":"existing wallet returned","logger_name":"com.paytm.wallet.service.WalletService","thread_name":"pool-3-thread-34","level":"INFO","level_value":20000,"event":"wallet_existing_returned","wallet_id":"0de03a99-9688-44d1-99d1-db11d8ec8acd"}
{"@timestamp":"2026-09-12T15:43:52.942599+05:30","@version":"1","message":"existing wallet returned","logger_name":"com.paytm.wallet.service.WalletService","thread_name":"pool-3-thread-30","level":"INFO","level_value":20000,"event":"wallet_existing_returned","wallet_id":"0de03a99-9688-44d1-99d1-db11d8ec8acd"}
{"@timestamp":"2026-09-12T15:43:52.943031+05:30","@version":"1","message":"existing wallet returned","logger_name":"com.paytm.wallet.service.WalletService","thread_name":"pool-3-thread-20","level":"INFO","level_value":20000,"event":"wallet_existing_returned","wallet_id":"0de03a99-9688-44d1-99d1-db11d8ec8acd"}
{"@timestamp":"2026-09-12T15:43:52.943602+05:30","@version":"1","message":"existing wallet returned","logger_name":"com.paytm.wallet.service.WalletService","thread_name":"pool-3-thread-15","level":"INFO","level_value":20000,"event":"wallet_existing_returned","wallet_id":"0de03a99-9688-44d1-99d1-db11d8ec8acd"}
{"@timestamp":"2026-09-12T15:43:52.94375+05:30","@version":"1","message":"existing wallet returned","logger_name":"com.paytm.wallet.service.WalletService","thread_name":"pool-3-thread-46","level":"INFO","level_value":20000,"event":"wallet_existing_returned","wallet_id":"0de03a99-9688-44d1-99d1-db11d8ec8acd"}
{"@timestamp":"2026-09-12T15:43:52.94432+05:30","@version":"1","message":"existing wallet returned","logger_name":"com.paytm.wallet.service.WalletService","thread_name":"pool-3-thread-22","level":"INFO","level_value":20000,"event":"wallet_existing_returned","wallet_id":"0de03a99-9688-44d1-99d1-db11d8ec8acd"}
{"@timestamp":"2026-09-12T15:43:52.944939+05:30","@version":"1","message":"existing wallet returned","logger_name":"com.paytm.wallet.service.WalletService","thread_name":"pool-3-thread-41","level":"INFO","level_value":20000,"event":"wallet_existing_returned","wallet_id":"0de03a99-9688-44d1-99d1-db11d8ec8acd"}
{"@timestamp":"2026-09-12T15:43:52.944993+05:30","@version":"1","message":"existing wallet returned","logger_name":"com.paytm.wallet.service.WalletService","thread_name":"pool-3-thread-25","level":"INFO","level_value":20000,"event":"wallet_existing_returned","wallet_id":"0de03a99-9688-44d1-99d1-db11d8ec8acd"}
{"@timestamp":"2026-09-12T15:43:52.945729+05:30","@version":"1","message":"existing wallet returned","logger_name":"com.paytm.wallet.service.WalletService","thread_name":"pool-3-thread-26","level":"INFO","level_value":20000,"event":"wallet_existing_returned","wallet_id":"0de03a99-9688-44d1-99d1-db11d8ec8acd"}
{"@timestamp":"2026-09-12T15:43:52.946217+05:30","@version":"1","message":"existing wallet returned","logger_name":"com.paytm.wallet.service.WalletService","thread_name":"pool-3-thread-7","level":"INFO","level_value":20000,"event":"wallet_existing_returned","wallet_id":"0de03a99-9688-44d1-99d1-db11d8ec8acd"}
{"@timestamp":"2026-09-12T15:43:52.94625+05:30","@version":"1","message":"existing wallet returned","logger_name":"com.paytm.wallet.service.WalletService","thread_name":"pool-3-thread-19","level":"INFO","level_value":20000,"event":"wallet_existing_returned","wallet_id":"0de03a99-9688-44d1-99d1-db11d8ec8acd"}
{"@timestamp":"2026-09-12T15:43:52.946988+05:30","@version":"1","message":"existing wallet returned","logger_name":"com.paytm.wallet.service.WalletService","thread_name":"pool-3-thread-4","level":"INFO","level_value":20000,"event":"wallet_existing_returned","wallet_id":"0de03a99-9688-44d1-99d1-db11d8ec8acd"}
{"@timestamp":"2026-09-12T15:43:52.947485+05:30","@version":"1","message":"existing wallet returned","logger_name":"com.paytm.wallet.service.WalletService","thread_name":"pool-3-thread-35","level":"INFO","level_value":20000,"event":"wallet_existing_returned","wallet_id":"0de03a99-9688-44d1-99d1-db11d8ec8acd"}
{"@timestamp":"2026-09-12T15:43:52.947604+05:30","@version":"1","message":"existing wallet returned","logger_name":"com.paytm.wallet.service.WalletService","thread_name":"pool-3-thread-39","level":"INFO","level_value":20000,"event":"wallet_existing_returned","wallet_id":"0de03a99-9688-44d1-99d1-db11d8ec8acd"}
{"@timestamp":"2026-09-12T15:43:52.94836+05:30","@version":"1","message":"existing wallet returned","logger_name":"com.paytm.wallet.service.WalletService","thread_name":"pool-3-thread-11","level":"INFO","level_value":20000,"event":"wallet_existing_returned","wallet_id":"0de03a99-9688-44d1-99d1-db11d8ec8acd"}
{"@timestamp":"2026-09-12T15:43:52.948759+05:30","@version":"1","message":"existing wallet returned","logger_name":"com.paytm.wallet.service.WalletService","thread_name":"pool-3-thread-12","level":"INFO","level_value":20000,"event":"wallet_existing_returned","wallet_id":"0de03a99-9688-44d1-99d1-db11d8ec8acd"}
{"@timestamp":"2026-09-12T15:43:52.948866+05:30","@version":"1","message":"existing wallet returned","logger_name":"com.paytm.wallet.service.WalletService","thread_name":"pool-3-thread-3","level":"INFO","level_value":20000,"event":"wallet_existing_returned","wallet_id":"0de03a99-9688-44d1-99d1-db11d8ec8acd"}
{"@timestamp":"2026-09-12T15:43:52.949775+05:30","@version":"1","message":"existing wallet returned","logger_name":"com.paytm.wallet.service.WalletService","thread_name":"pool-3-thread-5","level":"INFO","level_value":20000,"event":"wallet_existing_returned","wallet_id":"0de03a99-9688-44d1-99d1-db11d8ec8acd"}
{"@timestamp":"2026-09-12T15:43:52.95011+05:30","@version":"1","message":"existing wallet returned","logger_name":"com.paytm.wallet.service.WalletService","thread_name":"pool-3-thread-40","level":"INFO","level_value":20000,"event":"wallet_existing_returned","wallet_id":"0de03a99-9688-44d1-99d1-db11d8ec8acd"}
{"@timestamp":"2026-09-12T15:43:52.950191+05:30","@version":"1","message":"existing wallet returned","logger_name":"com.paytm.wallet.service.WalletService","thread_name":"pool-3-thread-38","level":"INFO","level_value":20000,"event":"wallet_existing_returned","wallet_id":"0de03a99-9688-44d1-99d1-db11d8ec8acd"}
{"@timestamp":"2026-09-12T15:43:52.951119+05:30","@version":"1","message":"existing wallet returned","logger_name":"com.paytm.wallet.service.WalletService","thread_name":"pool-3-thread-13","level":"INFO","level_value":20000,"event":"wallet_existing_returned","wallet_id":"0de03a99-9688-44d1-99d1-db11d8ec8acd"}
{"@timestamp":"2026-09-12T15:43:52.95133+05:30","@version":"1","message":"existing wallet returned","logger_name":"com.paytm.wallet.service.WalletService","thread_name":"pool-3-thread-6","level":"INFO","level_value":20000,"event":"wallet_existing_returned","wallet_id":"0de03a99-9688-44d1-99d1-db11d8ec8acd"}
{"@timestamp":"2026-09-12T15:43:52.951354+05:30","@version":"1","message":"existing wallet returned","logger_name":"com.paytm.wallet.service.WalletService","thread_name":"pool-3-thread-29","level":"INFO","level_value":20000,"event":"wallet_existing_returned","wallet_id":"0de03a99-9688-44d1-99d1-db11d8ec8acd"}
{"@timestamp":"2026-09-12T15:43:52.952066+05:30","@version":"1","message":"existing wallet returned","logger_name":"com.paytm.wallet.service.WalletService","thread_name":"pool-3-thread-33","level":"INFO","level_value":20000,"event":"wallet_existing_returned","wallet_id":"0de03a99-9688-44d1-99d1-db11d8ec8acd"}
]]></system-out>
    <system-err><![CDATA[Mockito is currently self-attaching to enable the inline-mock-maker. This will no longer work in future releases of the JDK. Please add Mockito as an agent to your build as described in Mockito's documentation: https://javadoc.io/doc/org.mockito/mockito-core/latest/org.mockito/org/mockito/Mockito.html#0.3
WARNING: A Java agent has been loaded dynamically (/Users/anshul/.m2/repository/net/bytebuddy/byte-buddy-agent/1.17.8/byte-buddy-agent-1.17.8.jar)
WARNING: If a serviceability tool is in use, please run with -XX:+EnableDynamicAgentLoading to hide this warning
WARNING: If a serviceability tool is not in use, please run with -Djdk.instrument.traceUsage for more information
WARNING: Dynamic loading of agents will be disallowed by default in a future release
]]></system-err>
  </testcase>
</testsuite>